INFO - 2024-10-08 08:57:27 --> Session: Class initialized using 'CodeIgniter\Session\Handlers\FileHandler' driver.
INFO - 2024-10-08 08:57:27 --> Session: Class initialized using 'CodeIgniter\Session\Handlers\FileHandler' driver.
INFO - 2024-10-08 08:57:28 --> Session: Class initialized using 'CodeIgniter\Session\Handlers\FileHandler' driver.
INFO - 2024-10-08 09:38:30 --> Session: Class initialized using 'CodeIgniter\Session\Handlers\FileHandler' driver.
INFO - 2024-10-08 09:38:30 --> Session: Class initialized using 'CodeIgniter\Session\Handlers\FileHandler' driver.
INFO - 2024-10-08 09:38:40 --> Session: Class initialized using 'CodeIgniter\Session\Handlers\FileHandler' driver.
INFO - 2024-10-08 09:38:40 --> Session: Class initialized using 'CodeIgniter\Session\Handlers\FileHandler' driver.
INFO - 2024-10-08 09:38:40 --> Session: Class initialized using 'CodeIgniter\Session\Handlers\FileHandler' driver.
INFO - 2024-10-08 09:38:40 --> Session: Class initialized using 'CodeIgniter\Session\Handlers\FileHandler' driver.
INFO - 2024-10-08 09:38:40 --> Session: Class initialized using 'CodeIgniter\Session\Handlers\FileHandler' driver.
INFO - 2024-10-08 09:38:40 --> Session: Class initialized using 'CodeIgniter\Session\Handlers\FileHandler' driver.
INFO - 2024-10-08 09:38:40 --> Session: Class initialized using 'CodeIgniter\Session\Handlers\FileHandler' driver.
INFO - 2024-10-08 09:38:40 --> Session: Class initialized using 'CodeIgniter\Session\Handlers\FileHandler' driver.
INFO - 2024-10-08 09:38:40 --> Session: Class initialized using 'CodeIgniter\Session\Handlers\FileHandler' driver.
INFO - 2024-10-08 09:38:40 --> Session: Class initialized using 'CodeIgniter\Session\Handlers\FileHandler' driver.
INFO - 2024-10-08 09:38:40 --> Session: Class initialized using 'CodeIgniter\Session\Handlers\FileHandler' driver.
INFO - 2024-10-08 09:38:41 --> Session: Class initialized using 'CodeIgniter\Session\Handlers\FileHandler' driver.
INFO - 2024-10-08 09:38:41 --> Session: Class initialized using 'CodeIgniter\Session\Handlers\FileHandler' driver.
INFO - 2024-10-08 09:38:41 --> Session: Class initialized using 'CodeIgniter\Session\Handlers\FileHandler' driver.
INFO - 2024-10-08 09:38:41 --> Session: Class initialized using 'CodeIgniter\Session\Handlers\FileHandler' driver.
INFO - 2024-10-08 09:38:41 --> Session: Class initialized using 'CodeIgniter\Session\Handlers\FileHandler' driver.
INFO - 2024-10-08 09:38:41 --> Session: Class initialized using 'CodeIgniter\Session\Handlers\FileHandler' driver.
INFO - 2024-10-08 09:38:41 --> Session: Class initialized using 'CodeIgniter\Session\Handlers\FileHandler' driver.
INFO - 2024-10-08 09:38:41 --> Session: Class initialized using 'CodeIgniter\Session\Handlers\FileHandler' driver.
INFO - 2024-10-08 09:38:41 --> Session: Class initialized using 'CodeIgniter\Session\Handlers\FileHandler' driver.
INFO - 2024-10-08 09:38:42 --> Session: Class initialized using 'CodeIgniter\Session\Handlers\FileHandler' driver.
INFO - 2024-10-08 09:38:42 --> Session: Class initialized using 'CodeIgniter\Session\Handlers\FileHandler' driver.
INFO - 2024-10-08 09:38:42 --> Session: Class initialized using 'CodeIgniter\Session\Handlers\FileHandler' driver.
INFO - 2024-10-08 09:38:42 --> Session: Class initialized using 'CodeIgniter\Session\Handlers\FileHandler' driver.
INFO - 2024-10-08 09:38:42 --> Session: Class initialized using 'CodeIgniter\Session\Handlers\FileHandler' driver.
INFO - 2024-10-08 09:38:42 --> Session: Class initialized using 'CodeIgniter\Session\Handlers\FileHandler' driver.
INFO - 2024-10-08 09:38:42 --> Session: Class initialized using 'CodeIgniter\Session\Handlers\FileHandler' driver.
INFO - 2024-10-08 09:38:42 --> Session: Class initialized using 'CodeIgniter\Session\Handlers\FileHandler' driver.
INFO - 2024-10-08 09:38:42 --> Session: Class initialized using 'CodeIgniter\Session\Handlers\FileHandler' driver.
INFO - 2024-10-08 09:38:42 --> Session: Class initialized using 'CodeIgniter\Session\Handlers\FileHandler' driver.
INFO - 2024-10-08 09:38:42 --> Session: Class initialized using 'CodeIgniter\Session\Handlers\FileHandler' driver.
INFO - 2024-10-08 09:38:42 --> Session: Class initialized using 'CodeIgniter\Session\Handlers\FileHandler' driver.
INFO - 2024-10-08 09:38:42 --> Session: Class initialized using 'CodeIgniter\Session\Handlers\FileHandler' driver.
INFO - 2024-10-08 09:38:42 --> Session: Class initialized using 'CodeIgniter\Session\Handlers\FileHandler' driver.
INFO - 2024-10-08 09:38:42 --> Session: Class initialized using 'CodeIgniter\Session\Handlers\FileHandler' driver.
INFO - 2024-10-08 09:38:42 --> Session: Class initialized using 'CodeIgniter\Session\Handlers\FileHandler' driver.
INFO - 2024-10-08 09:38:42 --> Session: Class initialized using 'CodeIgniter\Session\Handlers\FileHandler' driver.
INFO - 2024-10-08 09:38:42 --> Session: Class initialized using 'CodeIgniter\Session\Handlers\FileHandler' driver.
INFO - 2024-10-08 09:38:42 --> Session: Class initialized using 'CodeIgniter\Session\Handlers\FileHandler' driver.
INFO - 2024-10-08 09:38:42 --> Session: Class initialized using 'CodeIgniter\Session\Handlers\FileHandler' driver.
INFO - 2024-10-08 09:38:47 --> Session: Class initialized using 'CodeIgniter\Session\Handlers\FileHandler' driver.
INFO - 2024-10-08 09:38:47 --> Session: Class initialized using 'CodeIgniter\Session\Handlers\FileHandler' driver.
INFO - 2024-10-08 09:38:47 --> Session: Class initialized using 'CodeIgniter\Session\Handlers\FileHandler' driver.
INFO - 2024-10-08 09:38:47 --> Session: Class initialized using 'CodeIgniter\Session\Handlers\FileHandler' driver.
INFO - 2024-10-08 09:38:47 --> Session: Class initialized using 'CodeIgniter\Session\Handlers\FileHandler' driver.
INFO - 2024-10-08 09:38:47 --> Session: Class initialized using 'CodeIgniter\Session\Handlers\FileHandler' driver.
INFO - 2024-10-08 09:38:47 --> Session: Class initialized using 'CodeIgniter\Session\Handlers\FileHandler' driver.
INFO - 2024-10-08 09:38:47 --> Session: Class initialized using 'CodeIgniter\Session\Handlers\FileHandler' driver.
INFO - 2024-10-08 09:38:47 --> Session: Class initialized using 'CodeIgniter\Session\Handlers\FileHandler' driver.
INFO - 2024-10-08 09:38:47 --> Session: Class initialized using 'CodeIgniter\Session\Handlers\FileHandler' driver.
INFO - 2024-10-08 09:38:47 --> Session: Class initialized using 'CodeIgniter\Session\Handlers\FileHandler' driver.
INFO - 2024-10-08 09:38:47 --> Session: Class initialized using 'CodeIgniter\Session\Handlers\FileHandler' driver.
INFO - 2024-10-08 09:38:47 --> Session: Class initialized using 'CodeIgniter\Session\Handlers\FileHandler' driver.
INFO - 2024-10-08 09:38:47 --> Session: Class initialized using 'CodeIgniter\Session\Handlers\FileHandler' driver.
INFO - 2024-10-08 09:38:48 --> Session: Class initialized using 'CodeIgniter\Session\Handlers\FileHandler' driver.
INFO - 2024-10-08 09:38:48 --> Session: Class initialized using 'CodeIgniter\Session\Handlers\FileHandler' driver.
INFO - 2024-10-08 09:38:48 --> Session: Class initialized using 'CodeIgniter\Session\Handlers\FileHandler' driver.
INFO - 2024-10-08 09:38:48 --> Session: Class initialized using 'CodeIgniter\Session\Handlers\FileHandler' driver.
INFO - 2024-10-08 09:38:48 --> Session: Class initialized using 'CodeIgniter\Session\Handlers\FileHandler' driver.
INFO - 2024-10-08 09:38:48 --> Session: Class initialized using 'CodeIgniter\Session\Handlers\FileHandler' driver.
INFO - 2024-10-08 09:39:16 --> Session: Class initialized using 'CodeIgniter\Session\Handlers\FileHandler' driver.
INFO - 2024-10-08 09:39:17 --> Session: Class initialized using 'CodeIgniter\Session\Handlers\FileHandler' driver.
INFO - 2024-10-08 09:39:17 --> Session: Class initialized using 'CodeIgniter\Session\Handlers\FileHandler' driver.
INFO - 2024-10-08 09:39:17 --> Session: Class initialized using 'CodeIgniter\Session\Handlers\FileHandler' driver.
INFO - 2024-10-08 09:39:17 --> Session: Class initialized using 'CodeIgniter\Session\Handlers\FileHandler' driver.
INFO - 2024-10-08 09:39:17 --> Session: Class initialized using 'CodeIgniter\Session\Handlers\FileHandler' driver.
INFO - 2024-10-08 09:39:17 --> Session: Class initialized using 'CodeIgniter\Session\Handlers\FileHandler' driver.
INFO - 2024-10-08 09:39:17 --> Session: Class initialized using 'CodeIgniter\Session\Handlers\FileHandler' driver.
INFO - 2024-10-08 09:39:17 --> Session: Class initialized using 'CodeIgniter\Session\Handlers\FileHandler' driver.
INFO - 2024-10-08 09:39:17 --> Session: Class initialized using 'CodeIgniter\Session\Handlers\FileHandler' driver.
INFO - 2024-10-08 09:39:17 --> Session: Class initialized using 'CodeIgniter\Session\Handlers\FileHandler' driver.
INFO - 2024-10-08 09:39:17 --> Session: Class initialized using 'CodeIgniter\Session\Handlers\FileHandler' driver.
INFO - 2024-10-08 09:39:17 --> Session: Class initialized using 'CodeIgniter\Session\Handlers\FileHandler' driver.
INFO - 2024-10-08 09:39:17 --> Session: Class initialized using 'CodeIgniter\Session\Handlers\FileHandler' driver.
INFO - 2024-10-08 09:39:17 --> Session: Class initialized using 'CodeIgniter\Session\Handlers\FileHandler' driver.
INFO - 2024-10-08 09:39:17 --> Session: Class initialized using 'CodeIgniter\Session\Handlers\FileHandler' driver.
INFO - 2024-10-08 09:39:17 --> Session: Class initialized using 'CodeIgniter\Session\Handlers\FileHandler' driver.
INFO - 2024-10-08 09:39:17 --> Session: Class initialized using 'CodeIgniter\Session\Handlers\FileHandler' driver.
INFO - 2024-10-08 09:39:17 --> Session: Class initialized using 'CodeIgniter\Session\Handlers\FileHandler' driver.
INFO - 2024-10-08 09:39:17 --> Session: Class initialized using 'CodeIgniter\Session\Handlers\FileHandler' driver.
INFO - 2024-10-08 09:39:18 --> Session: Class initialized using 'CodeIgniter\Session\Handlers\FileHandler' driver.
INFO - 2024-10-08 09:39:18 --> Session: Class initialized using 'CodeIgniter\Session\Handlers\FileHandler' driver.
INFO - 2024-10-08 09:39:26 --> Session: Class initialized using 'CodeIgniter\Session\Handlers\FileHandler' driver.
INFO - 2024-10-08 09:39:26 --> Session: Class initialized using 'CodeIgniter\Session\Handlers\FileHandler' driver.
INFO - 2024-10-08 09:39:26 --> Session: Class initialized using 'CodeIgniter\Session\Handlers\FileHandler' driver.
INFO - 2024-10-08 09:39:37 --> Session: Class initialized using 'CodeIgniter\Session\Handlers\FileHandler' driver.
INFO - 2024-10-08 09:39:43 --> Session: Class initialized using 'CodeIgniter\Session\Handlers\FileHandler' driver.
INFO - 2024-10-08 09:39:48 --> Session: Class initialized using 'CodeIgniter\Session\Handlers\FileHandler' driver.
INFO - 2024-10-08 09:39:52 --> Session: Class initialized using 'CodeIgniter\Session\Handlers\FileHandler' driver.
INFO - 2024-10-08 09:40:58 --> Session: Class initialized using 'CodeIgniter\Session\Handlers\FileHandler' driver.
INFO - 2024-10-08 09:41:00 --> Session: Class initialized using 'CodeIgniter\Session\Handlers\FileHandler' driver.
INFO - 2024-10-08 09:41:00 --> Session: Class initialized using 'CodeIgniter\Session\Handlers\FileHandler' driver.
INFO - 2024-10-08 09:41:10 --> Session: Class initialized using 'CodeIgniter\Session\Handlers\FileHandler' driver.
INFO - 2024-10-08 09:41:16 --> Session: Class initialized using 'CodeIgniter\Session\Handlers\FileHandler' driver.
INFO - 2024-10-08 09:41:16 --> Session: Class initialized using 'CodeIgniter\Session\Handlers\FileHandler' driver.
INFO - 2024-10-08 09:41:16 --> Session: Class initialized using 'CodeIgniter\Session\Handlers\FileHandler' driver.
INFO - 2024-10-08 09:41:26 --> Session: Class initialized using 'CodeIgniter\Session\Handlers\FileHandler' driver.
INFO - 2024-10-08 09:42:51 --> Session: Class initialized using 'CodeIgniter\Session\Handlers\FileHandler' driver.
INFO - 2024-10-08 10:07:27 --> Session: Class initialized using 'CodeIgniter\Session\Handlers\FileHandler' driver.
INFO - 2024-10-08 10:07:28 --> Session: Class initialized using 'CodeIgniter\Session\Handlers\FileHandler' driver.
INFO - 2024-10-08 10:07:45 --> Session: Class initialized using 'CodeIgniter\Session\Handlers\FileHandler' driver.
INFO - 2024-10-08 10:07:45 --> [USER] Pengguna dengan user ku logout.
INFO - 2024-10-08 10:07:45 --> Session: Class initialized using 'CodeIgniter\Session\Handlers\FileHandler' driver.
INFO - 2024-10-08 10:07:45 --> Session: Class initialized using 'CodeIgniter\Session\Handlers\FileHandler' driver.
INFO - 2024-10-08 10:09:16 --> Session: Class initialized using 'CodeIgniter\Session\Handlers\FileHandler' driver.
INFO - 2024-10-08 10:09:40 --> Session: Class initialized using 'CodeIgniter\Session\Handlers\FileHandler' driver.
INFO - 2024-10-08 10:09:41 --> Session: Class initialized using 'CodeIgniter\Session\Handlers\FileHandler' driver.
INFO - 2024-10-08 10:09:41 --> Session: Class initialized using 'CodeIgniter\Session\Handlers\FileHandler' driver.
INFO - 2024-10-08 10:09:58 --> Session: Class initialized using 'CodeIgniter\Session\Handlers\FileHandler' driver.
INFO - 2024-10-08 10:10:28 --> Session: Class initialized using 'CodeIgniter\Session\Handlers\FileHandler' driver.
INFO - 2024-10-08 10:10:29 --> Session: Class initialized using 'CodeIgniter\Session\Handlers\FileHandler' driver.
INFO - 2024-10-08 10:10:29 --> Session: Class initialized using 'CodeIgniter\Session\Handlers\FileHandler' driver.
INFO - 2024-10-08 10:10:38 --> Session: Class initialized using 'CodeIgniter\Session\Handlers\FileHandler' driver.
INFO - 2024-10-08 10:11:38 --> Session: Class initialized using 'CodeIgniter\Session\Handlers\FileHandler' driver.
INFO - 2024-10-08 10:12:13 --> Session: Class initialized using 'CodeIgniter\Session\Handlers\FileHandler' driver.
INFO - 2024-10-08 10:12:26 --> Session: Class initialized using 'CodeIgniter\Session\Handlers\FileHandler' driver.
INFO - 2024-10-08 10:13:01 --> Session: Class initialized using 'CodeIgniter\Session\Handlers\FileHandler' driver.
INFO - 2024-10-08 10:19:32 --> Session: Class initialized using 'CodeIgniter\Session\Handlers\FileHandler' driver.
INFO - 2024-10-08 10:19:32 --> Session: Class initialized using 'CodeIgniter\Session\Handlers\FileHandler' driver.
INFO - 2024-10-08 10:19:40 --> Session: Class initialized using 'CodeIgniter\Session\Handlers\FileHandler' driver.
INFO - 2024-10-08 10:19:40 --> [USER] Pengguna dengan user ku logout.
INFO - 2024-10-08 10:19:40 --> Session: Class initialized using 'CodeIgniter\Session\Handlers\FileHandler' driver.
INFO - 2024-10-08 10:19:40 --> Session: Class initialized using 'CodeIgniter\Session\Handlers\FileHandler' driver.
INFO - 2024-10-08 10:19:51 --> Session: Class initialized using 'CodeIgniter\Session\Handlers\FileHandler' driver.
INFO - 2024-10-08 10:19:52 --> Session: Class initialized using 'CodeIgniter\Session\Handlers\FileHandler' driver.
INFO - 2024-10-08 10:19:56 --> Session: Class initialized using 'CodeIgniter\Session\Handlers\FileHandler' driver.
INFO - 2024-10-08 10:20:45 --> Session: Class initialized using 'CodeIgniter\Session\Handlers\FileHandler' driver.
INFO - 2024-10-08 10:20:45 --> Session: Class initialized using 'CodeIgniter\Session\Handlers\FileHandler' driver.
CRITICAL - 2024-10-08 10:20:45 --> ErrorException: Attempt to read property "id_menu" on null
[Method: POST, Route: user/datauser]
in APPPATH/Controllers/User/UserManagementController.php on line 38.
 1 APPPATH/Controllers/User/UserManagementController.php(38): CodeIgniter\Debug\Exceptions->errorHandler(2, 'Attempt to read property "id_menu" on null', '/Users/itdevaws/Sites/localhost/newtemp/app/Controllers/User/UserManagementController.php', 38)
 2 SYSTEMPATH/CodeIgniter.php(904): App\Controllers\User\UserManagementController->initController(Object(CodeIgniter\HTTP\IncomingRequest), Object(CodeIgniter\HTTP\Response), Object(CodeIgniter\Log\Logger))
 3 SYSTEMPATH/CodeIgniter.php(500): CodeIgniter\CodeIgniter->createController()
 4 SYSTEMPATH/CodeIgniter.php(355): CodeIgniter\CodeIgniter->handleRequest(null, Object(Config\Cache), false)
 5 SYSTEMPATH/Boot.php(325): CodeIgniter\CodeIgniter->run()
 6 SYSTEMPATH/Boot.php(67): CodeIgniter\Boot::runCodeIgniter(Object(CodeIgniter\CodeIgniter))
 7 FCPATH/index.php(56): CodeIgniter\Boot::bootWeb(Object(Config\Paths))
INFO - 2024-10-08 10:21:59 --> Session: Class initialized using 'CodeIgniter\Session\Handlers\FileHandler' driver.
INFO - 2024-10-08 10:22:04 --> Session: Class initialized using 'CodeIgniter\Session\Handlers\FileHandler' driver.
CRITICAL - 2024-10-08 10:22:04 --> ErrorException: Attempt to read property "id_menu" on null
[Method: POST, Route: user/datauser]
in APPPATH/Controllers/User/UserManagementController.php on line 38.
 1 APPPATH/Controllers/User/UserManagementController.php(38): CodeIgniter\Debug\Exceptions->errorHandler(2, 'Attempt to read property "id_menu" on null', '/Users/itdevaws/Sites/localhost/newtemp/app/Controllers/User/UserManagementController.php', 38)
 2 SYSTEMPATH/CodeIgniter.php(904): App\Controllers\User\UserManagementController->initController(Object(CodeIgniter\HTTP\IncomingRequest), Object(CodeIgniter\HTTP\Response), Object(CodeIgniter\Log\Logger))
 3 SYSTEMPATH/CodeIgniter.php(500): CodeIgniter\CodeIgniter->createController()
 4 SYSTEMPATH/CodeIgniter.php(355): CodeIgniter\CodeIgniter->handleRequest(null, Object(Config\Cache), false)
 5 SYSTEMPATH/Boot.php(325): CodeIgniter\CodeIgniter->run()
 6 SYSTEMPATH/Boot.php(67): CodeIgniter\Boot::runCodeIgniter(Object(CodeIgniter\CodeIgniter))
 7 FCPATH/index.php(56): CodeIgniter\Boot::bootWeb(Object(Config\Paths))
INFO - 2024-10-08 10:22:49 --> Session: Class initialized using 'CodeIgniter\Session\Handlers\FileHandler' driver.
CRITICAL - 2024-10-08 10:22:49 --> ErrorException: Attempt to read property "id_menu" on null
[Method: GET, Route: user/datauser]
in APPPATH/Controllers/User/UserManagementController.php on line 38.
 1 APPPATH/Controllers/User/UserManagementController.php(38): CodeIgniter\Debug\Exceptions->errorHandler(2, 'Attempt to read property "id_menu" on null', '/Users/itdevaws/Sites/localhost/newtemp/app/Controllers/User/UserManagementController.php', 38)
 2 SYSTEMPATH/CodeIgniter.php(904): App\Controllers\User\UserManagementController->initController(Object(CodeIgniter\HTTP\IncomingRequest), Object(CodeIgniter\HTTP\Response), Object(CodeIgniter\Log\Logger))
 3 SYSTEMPATH/CodeIgniter.php(500): CodeIgniter\CodeIgniter->createController()
 4 SYSTEMPATH/CodeIgniter.php(355): CodeIgniter\CodeIgniter->handleRequest(null, Object(Config\Cache), false)
 5 SYSTEMPATH/Boot.php(325): CodeIgniter\CodeIgniter->run()
 6 SYSTEMPATH/Boot.php(67): CodeIgniter\Boot::runCodeIgniter(Object(CodeIgniter\CodeIgniter))
 7 FCPATH/index.php(56): CodeIgniter\Boot::bootWeb(Object(Config\Paths))
INFO - 2024-10-08 10:23:22 --> Session: Class initialized using 'CodeIgniter\Session\Handlers\FileHandler' driver.
CRITICAL - 2024-10-08 10:23:22 --> ErrorException: Attempt to read property "id_menu" on null
[Method: GET, Route: user/datauser]
in APPPATH/Controllers/User/UserManagementController.php on line 38.
 1 APPPATH/Controllers/User/UserManagementController.php(38): CodeIgniter\Debug\Exceptions->errorHandler(2, 'Attempt to read property "id_menu" on null', '/Users/itdevaws/Sites/localhost/newtemp/app/Controllers/User/UserManagementController.php', 38)
 2 SYSTEMPATH/CodeIgniter.php(904): App\Controllers\User\UserManagementController->initController(Object(CodeIgniter\HTTP\IncomingRequest), Object(CodeIgniter\HTTP\Response), Object(CodeIgniter\Log\Logger))
 3 SYSTEMPATH/CodeIgniter.php(500): CodeIgniter\CodeIgniter->createController()
 4 SYSTEMPATH/CodeIgniter.php(355): CodeIgniter\CodeIgniter->handleRequest(null, Object(Config\Cache), false)
 5 SYSTEMPATH/Boot.php(325): CodeIgniter\CodeIgniter->run()
 6 SYSTEMPATH/Boot.php(67): CodeIgniter\Boot::runCodeIgniter(Object(CodeIgniter\CodeIgniter))
 7 FCPATH/index.php(56): CodeIgniter\Boot::bootWeb(Object(Config\Paths))
INFO - 2024-10-08 10:23:30 --> Session: Class initialized using 'CodeIgniter\Session\Handlers\FileHandler' driver.
INFO - 2024-10-08 10:23:33 --> Session: Class initialized using 'CodeIgniter\Session\Handlers\FileHandler' driver.
CRITICAL - 2024-10-08 10:23:33 --> ErrorException: Attempt to read property "id_menu" on null
[Method: GET, Route: user/datauser]
in APPPATH/Controllers/User/UserManagementController.php on line 38.
 1 APPPATH/Controllers/User/UserManagementController.php(38): CodeIgniter\Debug\Exceptions->errorHandler(2, 'Attempt to read property "id_menu" on null', '/Users/itdevaws/Sites/localhost/newtemp/app/Controllers/User/UserManagementController.php', 38)
 2 SYSTEMPATH/CodeIgniter.php(904): App\Controllers\User\UserManagementController->initController(Object(CodeIgniter\HTTP\IncomingRequest), Object(CodeIgniter\HTTP\Response), Object(CodeIgniter\Log\Logger))
 3 SYSTEMPATH/CodeIgniter.php(500): CodeIgniter\CodeIgniter->createController()
 4 SYSTEMPATH/CodeIgniter.php(355): CodeIgniter\CodeIgniter->handleRequest(null, Object(Config\Cache), false)
 5 SYSTEMPATH/Boot.php(325): CodeIgniter\CodeIgniter->run()
 6 SYSTEMPATH/Boot.php(67): CodeIgniter\Boot::runCodeIgniter(Object(CodeIgniter\CodeIgniter))
 7 FCPATH/index.php(56): CodeIgniter\Boot::bootWeb(Object(Config\Paths))
INFO - 2024-10-08 10:23:45 --> Session: Class initialized using 'CodeIgniter\Session\Handlers\FileHandler' driver.
INFO - 2024-10-08 10:23:56 --> Session: Class initialized using 'CodeIgniter\Session\Handlers\FileHandler' driver.
CRITICAL - 2024-10-08 10:23:56 --> ErrorException: Attempt to read property "id_menu" on null
[Method: GET, Route: user/datauser]
in APPPATH/Controllers/User/UserManagementController.php on line 38.
 1 APPPATH/Controllers/User/UserManagementController.php(38): CodeIgniter\Debug\Exceptions->errorHandler(2, 'Attempt to read property "id_menu" on null', '/Users/itdevaws/Sites/localhost/newtemp/app/Controllers/User/UserManagementController.php', 38)
 2 SYSTEMPATH/CodeIgniter.php(904): App\Controllers\User\UserManagementController->initController(Object(CodeIgniter\HTTP\IncomingRequest), Object(CodeIgniter\HTTP\Response), Object(CodeIgniter\Log\Logger))
 3 SYSTEMPATH/CodeIgniter.php(500): CodeIgniter\CodeIgniter->createController()
 4 SYSTEMPATH/CodeIgniter.php(355): CodeIgniter\CodeIgniter->handleRequest(null, Object(Config\Cache), false)
 5 SYSTEMPATH/Boot.php(325): CodeIgniter\CodeIgniter->run()
 6 SYSTEMPATH/Boot.php(67): CodeIgniter\Boot::runCodeIgniter(Object(CodeIgniter\CodeIgniter))
 7 FCPATH/index.php(56): CodeIgniter\Boot::bootWeb(Object(Config\Paths))
INFO - 2024-10-08 10:24:34 --> Session: Class initialized using 'CodeIgniter\Session\Handlers\FileHandler' driver.
INFO - 2024-10-08 10:24:48 --> Session: Class initialized using 'CodeIgniter\Session\Handlers\FileHandler' driver.
INFO - 2024-10-08 10:24:49 --> Session: Class initialized using 'CodeIgniter\Session\Handlers\FileHandler' driver.
INFO - 2024-10-08 10:24:51 --> Session: Class initialized using 'CodeIgniter\Session\Handlers\FileHandler' driver.
INFO - 2024-10-08 10:24:52 --> Session: Class initialized using 'CodeIgniter\Session\Handlers\FileHandler' driver.
INFO - 2024-10-08 10:24:58 --> Session: Class initialized using 'CodeIgniter\Session\Handlers\FileHandler' driver.
INFO - 2024-10-08 10:25:00 --> Session: Class initialized using 'CodeIgniter\Session\Handlers\FileHandler' driver.
CRITICAL - 2024-10-08 10:25:00 --> ErrorException: Attempt to read property "id_menu" on null
[Method: POST, Route: user/datauser]
in APPPATH/Controllers/User/UserManagementController.php on line 38.
 1 APPPATH/Controllers/User/UserManagementController.php(38): CodeIgniter\Debug\Exceptions->errorHandler(2, 'Attempt to read property "id_menu" on null', '/Users/itdevaws/Sites/localhost/newtemp/app/Controllers/User/UserManagementController.php', 38)
 2 SYSTEMPATH/CodeIgniter.php(904): App\Controllers\User\UserManagementController->initController(Object(CodeIgniter\HTTP\IncomingRequest), Object(CodeIgniter\HTTP\Response), Object(CodeIgniter\Log\Logger))
 3 SYSTEMPATH/CodeIgniter.php(500): CodeIgniter\CodeIgniter->createController()
 4 SYSTEMPATH/CodeIgniter.php(355): CodeIgniter\CodeIgniter->handleRequest(null, Object(Config\Cache), false)
 5 SYSTEMPATH/Boot.php(325): CodeIgniter\CodeIgniter->run()
 6 SYSTEMPATH/Boot.php(67): CodeIgniter\Boot::runCodeIgniter(Object(CodeIgniter\CodeIgniter))
 7 FCPATH/index.php(56): CodeIgniter\Boot::bootWeb(Object(Config\Paths))
INFO - 2024-10-08 10:46:56 --> Session: Class initialized using 'CodeIgniter\Session\Handlers\FileHandler' driver.
CRITICAL - 2024-10-08 10:47:01 --> CodeIgniter\Filters\Exceptions\FilterException: "authfilter,menuAccessFilter" filter must have a matching alias defined.
[Method: POST, Route: user/datauser]
in SYSTEMPATH/Filters/Filters.php on line 495.
 1 SYSTEMPATH/Filters/Filters.php(495): CodeIgniter\Filters\Exceptions\FilterException::forNoAlias('authfilter,menuAccessFilter')
 2 SYSTEMPATH/Filters/Filters.php(547): CodeIgniter\Filters\Filters->enableFilter('authfilter,menuAccessFilter', 'before')
 3 SYSTEMPATH/CodeIgniter.php(469): CodeIgniter\Filters\Filters->enableFilters([...], 'before')
 4 SYSTEMPATH/CodeIgniter.php(355): CodeIgniter\CodeIgniter->handleRequest(null, Object(Config\Cache), false)
 5 SYSTEMPATH/Boot.php(325): CodeIgniter\CodeIgniter->run()
 6 SYSTEMPATH/Boot.php(67): CodeIgniter\Boot::runCodeIgniter(Object(CodeIgniter\CodeIgniter))
 7 FCPATH/index.php(56): CodeIgniter\Boot::bootWeb(Object(Config\Paths))
INFO - 2024-10-08 10:47:20 --> Session: Class initialized using 'CodeIgniter\Session\Handlers\FileHandler' driver.
INFO - 2024-10-08 10:47:26 --> Session: Class initialized using 'CodeIgniter\Session\Handlers\FileHandler' driver.
INFO - 2024-10-08 10:47:34 --> Session: Class initialized using 'CodeIgniter\Session\Handlers\FileHandler' driver.
CRITICAL - 2024-10-08 10:47:36 --> CodeIgniter\Filters\Exceptions\FilterException: "authfilter,menuAccessFilter" filter must have a matching alias defined.
[Method: POST, Route: user/datauser]
in SYSTEMPATH/Filters/Filters.php on line 495.
 1 SYSTEMPATH/Filters/Filters.php(495): CodeIgniter\Filters\Exceptions\FilterException::forNoAlias('authfilter,menuAccessFilter')
 2 SYSTEMPATH/Filters/Filters.php(547): CodeIgniter\Filters\Filters->enableFilter('authfilter,menuAccessFilter', 'before')
 3 SYSTEMPATH/CodeIgniter.php(469): CodeIgniter\Filters\Filters->enableFilters([...], 'before')
 4 SYSTEMPATH/CodeIgniter.php(355): CodeIgniter\CodeIgniter->handleRequest(null, Object(Config\Cache), false)
 5 SYSTEMPATH/Boot.php(325): CodeIgniter\CodeIgniter->run()
 6 SYSTEMPATH/Boot.php(67): CodeIgniter\Boot::runCodeIgniter(Object(CodeIgniter\CodeIgniter))
 7 FCPATH/index.php(56): CodeIgniter\Boot::bootWeb(Object(Config\Paths))
INFO - 2024-10-08 10:48:33 --> Session: Class initialized using 'CodeIgniter\Session\Handlers\FileHandler' driver.
CRITICAL - 2024-10-08 10:48:43 --> CodeIgniter\Filters\Exceptions\FilterException: "authfilter,menuAccessFilter" filter must have a matching alias defined.
[Method: POST, Route: user/datauser]
in SYSTEMPATH/Filters/Filters.php on line 495.
 1 SYSTEMPATH/Filters/Filters.php(495): CodeIgniter\Filters\Exceptions\FilterException::forNoAlias('authfilter,menuAccessFilter')
 2 SYSTEMPATH/Filters/Filters.php(547): CodeIgniter\Filters\Filters->enableFilter('authfilter,menuAccessFilter', 'before')
 3 SYSTEMPATH/CodeIgniter.php(469): CodeIgniter\Filters\Filters->enableFilters([...], 'before')
 4 SYSTEMPATH/CodeIgniter.php(355): CodeIgniter\CodeIgniter->handleRequest(null, Object(Config\Cache), false)
 5 SYSTEMPATH/Boot.php(325): CodeIgniter\CodeIgniter->run()
 6 SYSTEMPATH/Boot.php(67): CodeIgniter\Boot::runCodeIgniter(Object(CodeIgniter\CodeIgniter))
 7 FCPATH/index.php(56): CodeIgniter\Boot::bootWeb(Object(Config\Paths))
INFO - 2024-10-08 10:49:12 --> Session: Class initialized using 'CodeIgniter\Session\Handlers\FileHandler' driver.
INFO - 2024-10-08 10:49:15 --> Session: Class initialized using 'CodeIgniter\Session\Handlers\FileHandler' driver.
INFO - 2024-10-08 10:58:53 --> Session: Class initialized using 'CodeIgniter\Session\Handlers\FileHandler' driver.
INFO - 2024-10-08 10:59:05 --> Session: Class initialized using 'CodeIgniter\Session\Handlers\FileHandler' driver.
INFO - 2024-10-08 10:59:08 --> Session: Class initialized using 'CodeIgniter\Session\Handlers\FileHandler' driver.
INFO - 2024-10-08 11:00:31 --> Session: Class initialized using 'CodeIgniter\Session\Handlers\FileHandler' driver.
INFO - 2024-10-08 11:00:33 --> Session: Class initialized using 'CodeIgniter\Session\Handlers\FileHandler' driver.
INFO - 2024-10-08 11:04:05 --> Session: Class initialized using 'CodeIgniter\Session\Handlers\FileHandler' driver.
INFO - 2024-10-08 11:04:15 --> Session: Class initialized using 'CodeIgniter\Session\Handlers\FileHandler' driver.
INFO - 2024-10-08 11:05:09 --> Session: Class initialized using 'CodeIgniter\Session\Handlers\FileHandler' driver.
INFO - 2024-10-08 11:05:18 --> Session: Class initialized using 'CodeIgniter\Session\Handlers\FileHandler' driver.
INFO - 2024-10-08 11:56:41 --> Session: Class initialized using 'CodeIgniter\Session\Handlers\FileHandler' driver.
INFO - 2024-10-08 11:56:41 --> [USER] Pengguna dengan user SuperAdmin logout.
INFO - 2024-10-08 11:56:41 --> Session: Class initialized using 'CodeIgniter\Session\Handlers\FileHandler' driver.
INFO - 2024-10-08 11:56:41 --> Session: Class initialized using 'CodeIgniter\Session\Handlers\FileHandler' driver.
INFO - 2024-10-08 11:56:53 --> Session: Class initialized using 'CodeIgniter\Session\Handlers\FileHandler' driver.
INFO - 2024-10-08 11:56:53 --> Session: Class initialized using 'CodeIgniter\Session\Handlers\FileHandler' driver.
INFO - 2024-10-08 11:57:00 --> Session: Class initialized using 'CodeIgniter\Session\Handlers\FileHandler' driver.
INFO - 2024-10-08 11:57:01 --> Session: Class initialized using 'CodeIgniter\Session\Handlers\FileHandler' driver.
INFO - 2024-10-08 11:57:24 --> Session: Class initialized using 'CodeIgniter\Session\Handlers\FileHandler' driver.
INFO - 2024-10-08 11:57:24 --> Session: Class initialized using 'CodeIgniter\Session\Handlers\FileHandler' driver.
INFO - 2024-10-08 12:11:00 --> Session: Class initialized using 'CodeIgniter\Session\Handlers\FileHandler' driver.
INFO - 2024-10-08 12:11:00 --> Session: Class initialized using 'CodeIgniter\Session\Handlers\FileHandler' driver.
INFO - 2024-10-08 12:11:31 --> Session: Class initialized using 'CodeIgniter\Session\Handlers\FileHandler' driver.
INFO - 2024-10-08 12:11:31 --> [USER] Pengguna dengan user ku logout.
INFO - 2024-10-08 12:11:31 --> Session: Class initialized using 'CodeIgniter\Session\Handlers\FileHandler' driver.
INFO - 2024-10-08 12:11:32 --> Session: Class initialized using 'CodeIgniter\Session\Handlers\FileHandler' driver.
INFO - 2024-10-08 12:11:45 --> Session: Class initialized using 'CodeIgniter\Session\Handlers\FileHandler' driver.
INFO - 2024-10-08 12:11:45 --> Session: Class initialized using 'CodeIgniter\Session\Handlers\FileHandler' driver.
INFO - 2024-10-08 12:11:50 --> Session: Class initialized using 'CodeIgniter\Session\Handlers\FileHandler' driver.
INFO - 2024-10-08 12:11:50 --> Session: Class initialized using 'CodeIgniter\Session\Handlers\FileHandler' driver.
INFO - 2024-10-08 12:11:52 --> Session: Class initialized using 'CodeIgniter\Session\Handlers\FileHandler' driver.
INFO - 2024-10-08 12:11:54 --> Session: Class initialized using 'CodeIgniter\Session\Handlers\FileHandler' driver.
INFO - 2024-10-08 12:11:54 --> Session: Class initialized using 'CodeIgniter\Session\Handlers\FileHandler' driver.
INFO - 2024-10-08 12:11:54 --> Session: Class initialized using 'CodeIgniter\Session\Handlers\FileHandler' driver.
INFO - 2024-10-08 12:12:18 --> Session: Class initialized using 'CodeIgniter\Session\Handlers\FileHandler' driver.
CRITICAL - 2024-10-08 12:12:18 --> ErrorException: Undefined array key "HTTP_REFERER"
[Method: POST, Route: menu/storsubmenu]
in APPPATH/Controllers/Menu/MenuManagementController.php on line 167.
 1 APPPATH/Controllers/Menu/MenuManagementController.php(167): CodeIgniter\Debug\Exceptions->errorHandler(2, 'Undefined array key "HTTP_REFERER"', '/Users/itdevaws/Sites/localhost/newtemp/app/Controllers/Menu/MenuManagementController.php', 167)
 2 SYSTEMPATH/CodeIgniter.php(933): App\Controllers\Menu\MenuManagementController->storeSubMenu()
 3 SYSTEMPATH/CodeIgniter.php(509): CodeIgniter\CodeIgniter->runController(Object(App\Controllers\Menu\MenuManagementController))
 4 SYSTEMPATH/CodeIgniter.php(355): CodeIgniter\CodeIgniter->handleRequest(null, Object(Config\Cache), false)
 5 SYSTEMPATH/Boot.php(325): CodeIgniter\CodeIgniter->run()
 6 SYSTEMPATH/Boot.php(67): CodeIgniter\Boot::runCodeIgniter(Object(CodeIgniter\CodeIgniter))
 7 FCPATH/index.php(56): CodeIgniter\Boot::bootWeb(Object(Config\Paths))
INFO - 2024-10-08 12:12:53 --> Session: Class initialized using 'CodeIgniter\Session\Handlers\FileHandler' driver.
CRITICAL - 2024-10-08 12:12:53 --> ErrorException: Undefined array key "HTTP_REFERER"
[Method: POST, Route: menu/storsubmenu]
in APPPATH/Controllers/Menu/MenuManagementController.php on line 167.
 1 APPPATH/Controllers/Menu/MenuManagementController.php(167): CodeIgniter\Debug\Exceptions->errorHandler(2, 'Undefined array key "HTTP_REFERER"', '/Users/itdevaws/Sites/localhost/newtemp/app/Controllers/Menu/MenuManagementController.php', 167)
 2 SYSTEMPATH/CodeIgniter.php(933): App\Controllers\Menu\MenuManagementController->storeSubMenu()
 3 SYSTEMPATH/CodeIgniter.php(509): CodeIgniter\CodeIgniter->runController(Object(App\Controllers\Menu\MenuManagementController))
 4 SYSTEMPATH/CodeIgniter.php(355): CodeIgniter\CodeIgniter->handleRequest(null, Object(Config\Cache), false)
 5 SYSTEMPATH/Boot.php(325): CodeIgniter\CodeIgniter->run()
 6 SYSTEMPATH/Boot.php(67): CodeIgniter\Boot::runCodeIgniter(Object(CodeIgniter\CodeIgniter))
 7 FCPATH/index.php(56): CodeIgniter\Boot::bootWeb(Object(Config\Paths))
INFO - 2024-10-08 12:13:10 --> Session: Class initialized using 'CodeIgniter\Session\Handlers\FileHandler' driver.
INFO - 2024-10-08 12:13:10 --> Session: Class initialized using 'CodeIgniter\Session\Handlers\FileHandler' driver.
INFO - 2024-10-08 12:13:10 --> Session: Class initialized using 'CodeIgniter\Session\Handlers\FileHandler' driver.
INFO - 2024-10-08 12:13:10 --> Session: Class initialized using 'CodeIgniter\Session\Handlers\FileHandler' driver.
INFO - 2024-10-08 12:13:16 --> Session: Class initialized using 'CodeIgniter\Session\Handlers\FileHandler' driver.
INFO - 2024-10-08 12:13:16 --> Session: Class initialized using 'CodeIgniter\Session\Handlers\FileHandler' driver.
INFO - 2024-10-08 12:13:16 --> Session: Class initialized using 'CodeIgniter\Session\Handlers\FileHandler' driver.
INFO - 2024-10-08 12:13:16 --> Session: Class initialized using 'CodeIgniter\Session\Handlers\FileHandler' driver.
INFO - 2024-10-08 12:13:18 --> Session: Class initialized using 'CodeIgniter\Session\Handlers\FileHandler' driver.
INFO - 2024-10-08 12:13:18 --> Session: Class initialized using 'CodeIgniter\Session\Handlers\FileHandler' driver.
INFO - 2024-10-08 12:13:18 --> Session: Class initialized using 'CodeIgniter\Session\Handlers\FileHandler' driver.
INFO - 2024-10-08 12:13:18 --> Session: Class initialized using 'CodeIgniter\Session\Handlers\FileHandler' driver.
INFO - 2024-10-08 12:13:49 --> Session: Class initialized using 'CodeIgniter\Session\Handlers\FileHandler' driver.
INFO - 2024-10-08 12:13:50 --> Session: Class initialized using 'CodeIgniter\Session\Handlers\FileHandler' driver.
INFO - 2024-10-08 12:13:50 --> Session: Class initialized using 'CodeIgniter\Session\Handlers\FileHandler' driver.
INFO - 2024-10-08 12:13:52 --> Session: Class initialized using 'CodeIgniter\Session\Handlers\FileHandler' driver.
INFO - 2024-10-08 12:13:57 --> Session: Class initialized using 'CodeIgniter\Session\Handlers\FileHandler' driver.
INFO - 2024-10-08 12:13:58 --> Session: Class initialized using 'CodeIgniter\Session\Handlers\FileHandler' driver.
INFO - 2024-10-08 12:13:58 --> Session: Class initialized using 'CodeIgniter\Session\Handlers\FileHandler' driver.
INFO - 2024-10-08 12:13:58 --> Session: Class initialized using 'CodeIgniter\Session\Handlers\FileHandler' driver.
INFO - 2024-10-08 12:16:00 --> Session: Class initialized using 'CodeIgniter\Session\Handlers\FileHandler' driver.
INFO - 2024-10-08 12:16:01 --> Session: Class initialized using 'CodeIgniter\Session\Handlers\FileHandler' driver.
INFO - 2024-10-08 12:16:01 --> Session: Class initialized using 'CodeIgniter\Session\Handlers\FileHandler' driver.
INFO - 2024-10-08 12:17:09 --> Session: Class initialized using 'CodeIgniter\Session\Handlers\FileHandler' driver.
INFO - 2024-10-08 12:17:10 --> Session: Class initialized using 'CodeIgniter\Session\Handlers\FileHandler' driver.
INFO - 2024-10-08 12:17:10 --> Session: Class initialized using 'CodeIgniter\Session\Handlers\FileHandler' driver.
INFO - 2024-10-08 12:18:09 --> Session: Class initialized using 'CodeIgniter\Session\Handlers\FileHandler' driver.
INFO - 2024-10-08 12:18:09 --> Session: Class initialized using 'CodeIgniter\Session\Handlers\FileHandler' driver.
INFO - 2024-10-08 12:18:09 --> Session: Class initialized using 'CodeIgniter\Session\Handlers\FileHandler' driver.
INFO - 2024-10-08 12:18:31 --> Session: Class initialized using 'CodeIgniter\Session\Handlers\FileHandler' driver.
INFO - 2024-10-08 12:18:32 --> Session: Class initialized using 'CodeIgniter\Session\Handlers\FileHandler' driver.
INFO - 2024-10-08 12:18:32 --> Session: Class initialized using 'CodeIgniter\Session\Handlers\FileHandler' driver.
INFO - 2024-10-08 12:18:34 --> Session: Class initialized using 'CodeIgniter\Session\Handlers\FileHandler' driver.
INFO - 2024-10-08 12:21:14 --> Session: Class initialized using 'CodeIgniter\Session\Handlers\FileHandler' driver.
INFO - 2024-10-08 12:21:14 --> Session: Class initialized using 'CodeIgniter\Session\Handlers\FileHandler' driver.
INFO - 2024-10-08 12:21:14 --> Session: Class initialized using 'CodeIgniter\Session\Handlers\FileHandler' driver.
INFO - 2024-10-08 12:21:19 --> Session: Class initialized using 'CodeIgniter\Session\Handlers\FileHandler' driver.
INFO - 2024-10-08 12:21:37 --> Session: Class initialized using 'CodeIgniter\Session\Handlers\FileHandler' driver.
INFO - 2024-10-08 12:21:37 --> Session: Class initialized using 'CodeIgniter\Session\Handlers\FileHandler' driver.
INFO - 2024-10-08 12:21:37 --> Session: Class initialized using 'CodeIgniter\Session\Handlers\FileHandler' driver.
INFO - 2024-10-08 12:21:39 --> Session: Class initialized using 'CodeIgniter\Session\Handlers\FileHandler' driver.
INFO - 2024-10-08 12:21:42 --> Session: Class initialized using 'CodeIgniter\Session\Handlers\FileHandler' driver.
INFO - 2024-10-08 12:21:42 --> Session: Class initialized using 'CodeIgniter\Session\Handlers\FileHandler' driver.
INFO - 2024-10-08 12:21:42 --> Session: Class initialized using 'CodeIgniter\Session\Handlers\FileHandler' driver.
INFO - 2024-10-08 12:21:42 --> Session: Class initialized using 'CodeIgniter\Session\Handlers\FileHandler' driver.
INFO - 2024-10-08 12:21:45 --> Session: Class initialized using 'CodeIgniter\Session\Handlers\FileHandler' driver.
INFO - 2024-10-08 12:21:45 --> Session: Class initialized using 'CodeIgniter\Session\Handlers\FileHandler' driver.
INFO - 2024-10-08 12:21:45 --> Session: Class initialized using 'CodeIgniter\Session\Handlers\FileHandler' driver.
INFO - 2024-10-08 12:21:51 --> Session: Class initialized using 'CodeIgniter\Session\Handlers\FileHandler' driver.
INFO - 2024-10-08 12:21:51 --> Session: Class initialized using 'CodeIgniter\Session\Handlers\FileHandler' driver.
INFO - 2024-10-08 12:21:51 --> Session: Class initialized using 'CodeIgniter\Session\Handlers\FileHandler' driver.
INFO - 2024-10-08 12:21:53 --> Session: Class initialized using 'CodeIgniter\Session\Handlers\FileHandler' driver.
INFO - 2024-10-08 12:22:39 --> Session: Class initialized using 'CodeIgniter\Session\Handlers\FileHandler' driver.
INFO - 2024-10-08 12:22:53 --> Session: Class initialized using 'CodeIgniter\Session\Handlers\FileHandler' driver.
INFO - 2024-10-08 12:22:54 --> Session: Class initialized using 'CodeIgniter\Session\Handlers\FileHandler' driver.
INFO - 2024-10-08 12:22:54 --> Session: Class initialized using 'CodeIgniter\Session\Handlers\FileHandler' driver.
INFO - 2024-10-08 12:22:56 --> Session: Class initialized using 'CodeIgniter\Session\Handlers\FileHandler' driver.
INFO - 2024-10-08 12:23:15 --> Session: Class initialized using 'CodeIgniter\Session\Handlers\FileHandler' driver.
INFO - 2024-10-08 12:23:16 --> Session: Class initialized using 'CodeIgniter\Session\Handlers\FileHandler' driver.
INFO - 2024-10-08 12:23:16 --> Session: Class initialized using 'CodeIgniter\Session\Handlers\FileHandler' driver.
INFO - 2024-10-08 12:23:18 --> Session: Class initialized using 'CodeIgniter\Session\Handlers\FileHandler' driver.
INFO - 2024-10-08 12:24:19 --> Session: Class initialized using 'CodeIgniter\Session\Handlers\FileHandler' driver.
INFO - 2024-10-08 12:24:19 --> Session: Class initialized using 'CodeIgniter\Session\Handlers\FileHandler' driver.
INFO - 2024-10-08 12:24:19 --> Session: Class initialized using 'CodeIgniter\Session\Handlers\FileHandler' driver.
INFO - 2024-10-08 12:24:53 --> Session: Class initialized using 'CodeIgniter\Session\Handlers\FileHandler' driver.
INFO - 2024-10-08 12:24:53 --> Session: Class initialized using 'CodeIgniter\Session\Handlers\FileHandler' driver.
INFO - 2024-10-08 12:24:53 --> Session: Class initialized using 'CodeIgniter\Session\Handlers\FileHandler' driver.
INFO - 2024-10-08 12:25:00 --> Session: Class initialized using 'CodeIgniter\Session\Handlers\FileHandler' driver.
INFO - 2024-10-08 12:25:00 --> Session: Class initialized using 'CodeIgniter\Session\Handlers\FileHandler' driver.
INFO - 2024-10-08 12:25:00 --> Session: Class initialized using 'CodeIgniter\Session\Handlers\FileHandler' driver.
INFO - 2024-10-08 12:26:13 --> Session: Class initialized using 'CodeIgniter\Session\Handlers\FileHandler' driver.
INFO - 2024-10-08 12:26:13 --> Session: Class initialized using 'CodeIgniter\Session\Handlers\FileHandler' driver.
INFO - 2024-10-08 12:26:13 --> Session: Class initialized using 'CodeIgniter\Session\Handlers\FileHandler' driver.
INFO - 2024-10-08 12:29:02 --> Session: Class initialized using 'CodeIgniter\Session\Handlers\FileHandler' driver.
INFO - 2024-10-08 12:29:02 --> Session: Class initialized using 'CodeIgniter\Session\Handlers\FileHandler' driver.
INFO - 2024-10-08 12:29:02 --> Session: Class initialized using 'CodeIgniter\Session\Handlers\FileHandler' driver.
INFO - 2024-10-08 12:29:04 --> Session: Class initialized using 'CodeIgniter\Session\Handlers\FileHandler' driver.
INFO - 2024-10-08 12:29:48 --> Session: Class initialized using 'CodeIgniter\Session\Handlers\FileHandler' driver.
INFO - 2024-10-08 12:29:49 --> Session: Class initialized using 'CodeIgniter\Session\Handlers\FileHandler' driver.
INFO - 2024-10-08 12:29:49 --> Session: Class initialized using 'CodeIgniter\Session\Handlers\FileHandler' driver.
INFO - 2024-10-08 12:29:52 --> Session: Class initialized using 'CodeIgniter\Session\Handlers\FileHandler' driver.
INFO - 2024-10-08 15:13:00 --> Session: Class initialized using 'CodeIgniter\Session\Handlers\FileHandler' driver.
INFO - 2024-10-08 15:13:00 --> Session: Class initialized using 'CodeIgniter\Session\Handlers\FileHandler' driver.
INFO - 2024-10-08 15:13:01 --> Session: Class initialized using 'CodeIgniter\Session\Handlers\FileHandler' driver.
INFO - 2024-10-08 15:18:09 --> Session: Class initialized using 'CodeIgniter\Session\Handlers\FileHandler' driver.
INFO - 2024-10-08 15:18:09 --> Session: Class initialized using 'CodeIgniter\Session\Handlers\FileHandler' driver.
INFO - 2024-10-08 15:18:18 --> Session: Class initialized using 'CodeIgniter\Session\Handlers\FileHandler' driver.
INFO - 2024-10-08 15:18:19 --> Session: Class initialized using 'CodeIgniter\Session\Handlers\FileHandler' driver.
INFO - 2024-10-08 15:18:19 --> Session: Class initialized using 'CodeIgniter\Session\Handlers\FileHandler' driver.
INFO - 2024-10-08 15:18:24 --> Session: Class initialized using 'CodeIgniter\Session\Handlers\FileHandler' driver.
INFO - 2024-10-08 15:18:33 --> Session: Class initialized using 'CodeIgniter\Session\Handlers\FileHandler' driver.
INFO - 2024-10-08 15:18:36 --> Session: Class initialized using 'CodeIgniter\Session\Handlers\FileHandler' driver.
INFO - 2024-10-08 15:18:36 --> Session: Class initialized using 'CodeIgniter\Session\Handlers\FileHandler' driver.
INFO - 2024-10-08 15:21:26 --> Session: Class initialized using 'CodeIgniter\Session\Handlers\FileHandler' driver.
INFO - 2024-10-08 15:21:26 --> Session: Class initialized using 'CodeIgniter\Session\Handlers\FileHandler' driver.
INFO - 2024-10-08 15:21:32 --> Session: Class initialized using 'CodeIgniter\Session\Handlers\FileHandler' driver.
INFO - 2024-10-08 15:21:32 --> Session: Class initialized using 'CodeIgniter\Session\Handlers\FileHandler' driver.
INFO - 2024-10-08 15:21:34 --> Session: Class initialized using 'CodeIgniter\Session\Handlers\FileHandler' driver.
INFO - 2024-10-08 15:21:36 --> Session: Class initialized using 'CodeIgniter\Session\Handlers\FileHandler' driver.
INFO - 2024-10-08 15:21:36 --> Session: Class initialized using 'CodeIgniter\Session\Handlers\FileHandler' driver.
INFO - 2024-10-08 15:21:36 --> Session: Class initialized using 'CodeIgniter\Session\Handlers\FileHandler' driver.
INFO - 2024-10-08 15:21:37 --> Session: Class initialized using 'CodeIgniter\Session\Handlers\FileHandler' driver.
INFO - 2024-10-08 15:21:37 --> Session: Class initialized using 'CodeIgniter\Session\Handlers\FileHandler' driver.
INFO - 2024-10-08 15:21:40 --> Session: Class initialized using 'CodeIgniter\Session\Handlers\FileHandler' driver.
INFO - 2024-10-08 15:21:40 --> Session: Class initialized using 'CodeIgniter\Session\Handlers\FileHandler' driver.
INFO - 2024-10-08 15:30:47 --> Session: Class initialized using 'CodeIgniter\Session\Handlers\FileHandler' driver.
INFO - 2024-10-08 15:31:31 --> Session: Class initialized using 'CodeIgniter\Session\Handlers\FileHandler' driver.
CRITICAL - 2024-10-08 15:31:31 --> CodeIgniter\View\Exceptions\ViewException: You have a syntax error in your Parser tags: "{extend}('Template/main_template')

&lt;?= $this->section('content'); ?&gt;
<form action="&lt;?=base_url('generator/generate')?&gt;" class="" method="post">
<section class="section">
            
  <div class="card">
     <div class="card-header">
        <h4 class="card-title">CRUD Generator</h4>
      </div>
      <div class="card-body row">
         
          <div class="col-4">
            <div>
              <label for="dbname">Database Name</label>
              <input type="text" class="form-control" id="dbname" readonly value="&lt;?= $databaseName?&gt;" >  
            </div>

            <div class="mt-3">
              <label for="dbname">Nama Controller dan Model</label>
              <input type="text" class="form-control" id="nmcm" name="nmcm" placeholder="Nama Controller dan Model" >  
            </div>
          </div>
          <div class="col-4">
            <div>
              <h6>Pilih Nama Tabel</h6>
              <fieldset class="form-group">
                <select class="form-select" id="gettables" name="table" >
                  <option value="">Silahkan Pilih</option>          
                </select>
              </fieldset>
            </div>  
            <div>
            <div class="form-group">
                      <label for="nmview">Nama View</label>
                      <small class="text-muted">contoh.<i>user atau buat folder User/ViewUser</i></small>
                      <input type="text " list="data-folder-view" class="form-control" id="nmview" name="nmview">
                        &lt;?php 
                          // Path ke direktori 'view' dalam aplikasi CodeIgniter 4
                            $viewDirectory = APPPATH . 'Views/';

                            // Menggunakan scandir untuk mendapatkan daftar nama folder di dalam 'view'
                            $folders = array_filter(scandir($viewDirectory), function ($item) use ($viewDirectory) {
                                return is_dir($viewDirectory . $item) && !in_array($item, ['.', '..']);
                            });
                        ?&gt;
                      <datalist id="data-folder-view">
                        &lt;?php foreach($folders as $fd): ?&gt;
                          <option value="&lt;?=$fd?&gt;/">
                        &lt;?php endforeach ?&gt;
                        
                      </datalist>
                    </div>
            </div>  
            
            
          </div>
          <div class="col-4">  
          <div> 
              <label for="primary-key">Primary Key</label>
              <input type="text" class="form-control" id="primary-key" name="primary-key" readonly>      
              <div>              
                <div class="mt-3">
                  <button class="btn btn-danger mt-3 btn-generate" type="button"> Generate</button>
                </div>
              </div>             
          </div>
        </div>

     &lt;?= session()->getTempdata('item'); ?&gt;

</section>

<section class="section">
            
  <div class="card">
     <div class="card-header">
        <h4 class="card-title">CRUD Generator</h4>
      </div>
      <div class="card-body field">
       
      
      </div>
  </div>
</section>
</form>
&lt;?= $this->endSection(); ?&gt;

&lt;?= $this->section('js'); ?&gt;
    <script>
      $(document).ready(function () {

       $.ajax({
                type: "post",
                url: '&lt;?=base_url("generator/gettable")?&gt;',
               
                dataType: "json",
                success: function (response) {
                  let htmltag = '<option value="">Silahkan Pilih</option>'
                  $('#gettables').attr('disabled', false);
                  $.each(response, function(k, v) {
                    htmltag += '<option value="'+v+'">'+v+'</option>'
                      
                  });
                  $('#gettables').html(htmltag)
                }
              });
          
     

        $('#gettables').change(function (e) if (($("#gettables option:selected" ).text() != 'Silahkan Pilih'){
                $.ajax({
                  type: "post",
                  url: '&lt;?=base_url("generator/getkeytable")?&gt;',
                  data: {
                    gettable : $(this).val()): ,
                  dataType: "json",
                  success: function (response) {
                     $('#primary-key').val(response)
                  }
                });
            }else{
              $('#primary-key').val("")
            }
            
          });


          $('.btn-generate').click(function (e) { 
              let dbname = $('#dbname').val();
              let tbname = $('#gettables').val();
              let primary = $('#primary-key').val();
              let nmcm = $('#nmcm').val();

              if(dbname === '' || tbname === ''|| primary === ''||nmcm === ''){
                  alert('kosong')
              }else{
                $.ajax({
                  type: "post",
                  url: '&lt;?=base_url("generator/getfieldtable")?&gt;',
                  data: {
                    tbname : tbname
                  },
                  dataType: "json",
                  success: function (response) {          
                    $('.field').html(response);
                  }
                });
              }
            
          });

          $(document).on('click', '.btn-remove', function(){  
            let id = $(this).data('id');
              $("."+id+"").remove();
          });


      });
    </script>
&lt;?= $this->endSection(); ?&gt;"
[Method: GET, Route: dashboard/crudgenerator]
in SYSTEMPATH/View/Parser.php on line 490.
 1 SYSTEMPATH/View/Parser.php(490): CodeIgniter\View\Exceptions\ViewException::forTagSyntaxError('{extend}(\'Template/main_template\')

&lt;?= $this->section(\'content\'); ?&gt;
<form action="&lt;?=base_url(\'generator/generate\')?&gt;" class="" method="post">
<section class="section">
            
  <div class="card">
     <div class="card-header">
        <h4 class="card-title">CRUD Generator</h4>
      </div>
      <div class="card-body row">
         
          <div class="col-4">
            <div>
              <label for="dbname">Database Name</label>
              <input type="text" class="form-control" id="dbname" readonly value="&lt;?= $databaseName?&gt;" >  
            </div>

            <div class="mt-3">
              <label for="dbname">Nama Controller dan Model</label>
              <input type="text" class="form-control" id="nmcm" name="nmcm" placeholder="Nama Controller dan Model" >  
            </div>
          </div>
          <div class="col-4">
            <div>
              <h6>Pilih Nama Tabel</h6>
              <fieldset class="form-group">
                <select class="form-select" id="gettables" name="table" >
                  <option value="">Silahkan Pilih</option>          
                </select>
              </fieldset>
            </div>  
            <div>
            <div class="form-group">
                      <label for="nmview">Nama View</label>
                      <small class="text-muted">contoh.<i>user atau buat folder User/ViewUser</i></small>
                      <input type="text " list="data-folder-view" class="form-control" id="nmview" name="nmview">
                        &lt;?php 
                          // Path ke direktori \'view\' dalam aplikasi CodeIgniter 4
                            $viewDirectory = APPPATH . \'Views/\';

                            // Menggunakan scandir untuk mendapatkan daftar nama folder di dalam \'view\'
                            $folders = array_filter(scandir($viewDirectory), function ($item) use ($viewDirectory) {
                                return is_dir($viewDirectory . $item) && !in_array($item, [\'.\', \'..\']);
                            });
                        ?&gt;
                      <datalist id="data-folder-view">
                        &lt;?php foreach($folders as $fd): ?&gt;
                          <option value="&lt;?=$fd?&gt;/">
                        &lt;?php endforeach ?&gt;
                        
                      </datalist>
                    </div>
            </div>  
            
            
          </div>
          <div class="col-4">  
          <div> 
              <label for="primary-key">Primary Key</label>
              <input type="text" class="form-control" id="primary-key" name="primary-key" readonly>      
              <div>              
                <div class="mt-3">
                  <button class="btn btn-danger mt-3 btn-generate" type="button"> Generate</button>
                </div>
              </div>             
          </div>
        </div>

     &lt;?= session()->getTempdata(\'item\'); ?&gt;

</section>

<section class="section">
            
  <div class="card">
     <div class="card-header">
        <h4 class="card-title">CRUD Generator</h4>
      </div>
      <div class="card-body field">
       
      
      </div>
  </div>
</section>
</form>
&lt;?= $this->endSection(); ?&gt;

&lt;?= $this->section(\'js\'); ?&gt;
    <script>
      $(document).ready(function () {

       $.ajax({
                type: "post",
                url: \'&lt;?=base_url("generator/gettable")?&gt;\',
               
                dataType: "json",
                success: function (response) {
                  let htmltag = \'<option value="">Silahkan Pilih</option>\'
                  $(\'#gettables\').attr(\'disabled\', false);
                  $.each(response, function(k, v) {
                    htmltag += \'<option value="\'+v+\'">\'+v+\'</option>\'
                      
                  });
                  $(\'#gettables\').html(htmltag)
                }
              });
          
     

        $(\'#gettables\').change(function (e) if (($("#gettables option:selected" ).text() != \'Silahkan Pilih\'){
                $.ajax({
                  type: "post",
                  url: \'&lt;?=base_url("generator/getkeytable")?&gt;\',
                  data: {
                    gettable : $(this).val()): ,
                  dataType: "json",
                  success: function (response) {
                     $(\'#primary-key\').val(response)
                  }
                });
            }else{
              $(\'#primary-key\').val("")
            }
            
          });


          $(\'.btn-generate\').click(function (e) { 
              let dbname = $(\'#dbname\').val();
              let tbname = $(\'#gettables\').val();
              let primary = $(\'#primary-key\').val();
              let nmcm = $(\'#nmcm\').val();

              if(dbname === \'\' || tbname === \'\'|| primary === \'\'||nmcm === \'\'){
                  alert(\'kosong\')
              }else{
                $.ajax({
                  type: "post",
                  url: \'&lt;?=base_url("generator/getfieldtable")?&gt;\',
                  data: {
                    tbname : tbname
                  },
                  dataType: "json",
                  success: function (response) {          
                    $(\'.field\').html(response);
                  }
                });
              }
            
          });

          $(document).on(\'click\', \'.btn-remove\', function(){  
            let id = $(this).data(\'id\');
              $("."+id+"").remove();
          });


      });
    </script>
&lt;?= $this->endSection(); ?&gt;')
 2 SYSTEMPATH/View/Parser.php(251): CodeIgniter\View\Parser->parseConditionals('{extend}(\'Template/main_template\')

&lt;?= $this->section(\'content\'); ?&gt;
<form action="&lt;?=base_url(\'generator/generate\')?&gt;" class="" method="post">
<section class="section">
            
  <div class="card">
     <div class="card-header">
        <h4 class="card-title">CRUD Generator</h4>
      </div>
      <div class="card-body row">
         
          <div class="col-4">
            <div>
              <label for="dbname">Database Name</label>
              <input type="text" class="form-control" id="dbname" readonly value="&lt;?= $databaseName?&gt;" >  
            </div>

            <div class="mt-3">
              <label for="dbname">Nama Controller dan Model</label>
              <input type="text" class="form-control" id="nmcm" name="nmcm" placeholder="Nama Controller dan Model" >  
            </div>
          </div>
          <div class="col-4">
            <div>
              <h6>Pilih Nama Tabel</h6>
              <fieldset class="form-group">
                <select class="form-select" id="gettables" name="table" >
                  <option value="">Silahkan Pilih</option>          
                </select>
              </fieldset>
            </div>  
            <div>
            <div class="form-group">
                      <label for="nmview">Nama View</label>
                      <small class="text-muted">contoh.<i>user atau buat folder User/ViewUser</i></small>
                      <input type="text " list="data-folder-view" class="form-control" id="nmview" name="nmview">
                        &lt;?php 
                          // Path ke direktori \'view\' dalam aplikasi CodeIgniter 4
                            $viewDirectory = APPPATH . \'Views/\';

                            // Menggunakan scandir untuk mendapatkan daftar nama folder di dalam \'view\'
                            $folders = array_filter(scandir($viewDirectory), function ($item) use ($viewDirectory) {
                                return is_dir($viewDirectory . $item) && !in_array($item, [\'.\', \'..\']);
                            });
                        ?&gt;
                      <datalist id="data-folder-view">
                        &lt;?php foreach($folders as $fd): ?&gt;
                          <option value="&lt;?=$fd?&gt;/">
                        &lt;?php endforeach ?&gt;
                        
                      </datalist>
                    </div>
            </div>  
            
            
          </div>
          <div class="col-4">  
          <div> 
              <label for="primary-key">Primary Key</label>
              <input type="text" class="form-control" id="primary-key" name="primary-key" readonly>      
              <div>              
                <div class="mt-3">
                  <button class="btn btn-danger mt-3 btn-generate" type="button"> Generate</button>
                </div>
              </div>             
          </div>
        </div>

     &lt;?= session()->getTempdata(\'item\'); ?&gt;

</section>

<section class="section">
            
  <div class="card">
     <div class="card-header">
        <h4 class="card-title">CRUD Generator</h4>
      </div>
      <div class="card-body field">
       
      
      </div>
  </div>
</section>
</form>
&lt;?= $this->endSection(); ?&gt;

&lt;?= $this->section(\'js\'); ?&gt;
    <script>
      $(document).ready(function () {

       $.ajax({
                type: "post",
                url: \'&lt;?=base_url("generator/gettable")?&gt;\',
               
                dataType: "json",
                success: function (response) {
                  let htmltag = \'<option value="">Silahkan Pilih</option>\'
                  $(\'#gettables\').attr(\'disabled\', false);
                  $.each(response, function(k, v) {
                    htmltag += \'<option value="\'+v+\'">\'+v+\'</option>\'
                      
                  });
                  $(\'#gettables\').html(htmltag)
                }
              });
          
     

        $(\'#gettables\').change(function (e) <?php if (($("#gettables option:selected" ).text() != \'Silahkan Pilih\'){
                $.ajax({
                  type: "post",
                  url: \'&lt;?=base_url("generator/getkeytable")?&gt;\',
                  data: {
                    gettable : $(this).val()): ?>,
                  dataType: "json",
                  success: function (response) {
                     $(\'#primary-key\').val(response)
                  }
                });
            }else{
              $(\'#primary-key\').val("")
            }
            
          });


          $(\'.btn-generate\').click(function (e) { 
              let dbname = $(\'#dbname\').val();
              let tbname = $(\'#gettables\').val();
              let primary = $(\'#primary-key\').val();
              let nmcm = $(\'#nmcm\').val();

              if(dbname === \'\' || tbname === \'\'|| primary === \'\'||nmcm === \'\'){
                  alert(\'kosong\')
              }else{
                $.ajax({
                  type: "post",
                  url: \'&lt;?=base_url("generator/getfieldtable")?&gt;\',
                  data: {
                    tbname : tbname
                  },
                  dataType: "json",
                  success: function (response) {          
                    $(\'.field\').html(response);
                  }
                });
              }
            
          });

          $(document).on(\'click\', \'.btn-remove\', function(){  
            let id = $(this).data(\'id\');
              $("."+id+"").remove();
          });


      });
    </script>
&lt;?= $this->endSection(); ?&gt;')
 3 SYSTEMPATH/View/Parser.php(143): CodeIgniter\View\Parser->parse('{extend}(\'Template/main_template\')

&lt;?= $this->section(\'content\'); ?&gt;
<form action="&lt;?=base_url(\'generator/generate\')?&gt;" class="" method="post">
<section class="section">
            
  <div class="card">
     <div class="card-header">
        <h4 class="card-title">CRUD Generator</h4>
      </div>
      <div class="card-body row">
         
          <div class="col-4">
            <div>
              <label for="dbname">Database Name</label>
              <input type="text" class="form-control" id="dbname" readonly value="&lt;?= $databaseName?&gt;" >  
            </div>

            <div class="mt-3">
              <label for="dbname">Nama Controller dan Model</label>
              <input type="text" class="form-control" id="nmcm" name="nmcm" placeholder="Nama Controller dan Model" >  
            </div>
          </div>
          <div class="col-4">
            <div>
              <h6>Pilih Nama Tabel</h6>
              <fieldset class="form-group">
                <select class="form-select" id="gettables" name="table" >
                  <option value="">Silahkan Pilih</option>          
                </select>
              </fieldset>
            </div>  
            <div>
            <div class="form-group">
                      <label for="nmview">Nama View</label>
                      <small class="text-muted">contoh.<i>user atau buat folder User/ViewUser</i></small>
                      <input type="text " list="data-folder-view" class="form-control" id="nmview" name="nmview">
                        &lt;?php 
                          // Path ke direktori \'view\' dalam aplikasi CodeIgniter 4
                            $viewDirectory = APPPATH . \'Views/\';

                            // Menggunakan scandir untuk mendapatkan daftar nama folder di dalam \'view\'
                            $folders = array_filter(scandir($viewDirectory), function ($item) use ($viewDirectory) {
                                return is_dir($viewDirectory . $item) && !in_array($item, [\'.\', \'..\']);
                            });
                        ?&gt;
                      <datalist id="data-folder-view">
                        &lt;?php foreach($folders as $fd): ?&gt;
                          <option value="&lt;?=$fd?&gt;/">
                        &lt;?php endforeach ?&gt;
                        
                      </datalist>
                    </div>
            </div>  
            
            
          </div>
          <div class="col-4">  
          <div> 
              <label for="primary-key">Primary Key</label>
              <input type="text" class="form-control" id="primary-key" name="primary-key" readonly>      
              <div>              
                <div class="mt-3">
                  <button class="btn btn-danger mt-3 btn-generate" type="button"> Generate</button>
                </div>
              </div>             
          </div>
        </div>

     &lt;?= session()->getTempdata(\'item\'); ?&gt;

</section>

<section class="section">
            
  <div class="card">
     <div class="card-header">
        <h4 class="card-title">CRUD Generator</h4>
      </div>
      <div class="card-body field">
       
      
      </div>
  </div>
</section>
</form>
&lt;?= $this->endSection(); ?&gt;

&lt;?= $this->section(\'js\'); ?&gt;
    <script>
      $(document).ready(function () {

       $.ajax({
                type: "post",
                url: \'&lt;?=base_url("generator/gettable")?&gt;\',
               
                dataType: "json",
                success: function (response) {
                  let htmltag = \'<option value="">Silahkan Pilih</option>\'
                  $(\'#gettables\').attr(\'disabled\', false);
                  $.each(response, function(k, v) {
                    htmltag += \'<option value="\'+v+\'">\'+v+\'</option>\'
                      
                  });
                  $(\'#gettables\').html(htmltag)
                }
              });
          
     

        $(\'#gettables\').change(function (e) { 
        
            if($("#gettables option:selected" ).text() != \'Silahkan Pilih\'){
                $.ajax({
                  type: "post",
                  url: \'&lt;?=base_url("generator/getkeytable")?&gt;\',
                  data: {
                    gettable : $(this).val()
                  },
                  dataType: "json",
                  success: function (response) {
                     $(\'#primary-key\').val(response)
                  }
                });
            }else{
              $(\'#primary-key\').val("")
            }
            
          });


          $(\'.btn-generate\').click(function (e) { 
              let dbname = $(\'#dbname\').val();
              let tbname = $(\'#gettables\').val();
              let primary = $(\'#primary-key\').val();
              let nmcm = $(\'#nmcm\').val();

              if(dbname === \'\' || tbname === \'\'|| primary === \'\'||nmcm === \'\'){
                  alert(\'kosong\')
              }else{
                $.ajax({
                  type: "post",
                  url: \'&lt;?=base_url("generator/getfieldtable")?&gt;\',
                  data: {
                    tbname : tbname
                  },
                  dataType: "json",
                  success: function (response) {          
                    $(\'.field\').html(response);
                  }
                });
              }
            
          });

          $(document).on(\'click\', \'.btn-remove\', function(){  
            let id = $(this).data(\'id\');
              $("."+id+"").remove();
          });


      });
    </script>
&lt;?= $this->endSection(); ?&gt;', [...], null)
 4 APPPATH/Controllers/Generator/Generator.php(55): CodeIgniter\View\Parser->render('dashboard/generator.php')
 5 SYSTEMPATH/CodeIgniter.php(933): App\Controllers\Generator\Generator->index()
 6 SYSTEMPATH/CodeIgniter.php(509): CodeIgniter\CodeIgniter->runController(Object(App\Controllers\Generator\Generator))
 7 SYSTEMPATH/CodeIgniter.php(355): CodeIgniter\CodeIgniter->handleRequest(null, Object(Config\Cache), false)
 8 SYSTEMPATH/Boot.php(325): CodeIgniter\CodeIgniter->run()
 9 SYSTEMPATH/Boot.php(67): CodeIgniter\Boot::runCodeIgniter(Object(CodeIgniter\CodeIgniter))
10 FCPATH/index.php(56): CodeIgniter\Boot::bootWeb(Object(Config\Paths))
INFO - 2024-10-08 15:33:44 --> Session: Class initialized using 'CodeIgniter\Session\Handlers\FileHandler' driver.
CRITICAL - 2024-10-08 15:33:44 --> CodeIgniter\View\Exceptions\ViewException: You have a syntax error in your Parser tags: "&lt;?= $this->extend('Template/main_template'); ?&gt;

&lt;?= $this->section('content'); ?&gt;
<form action="&lt;?=base_url('generator/generate')?&gt;" class="" method="post">
<section class="section">
            
  <div class="card">
     <div class="card-header">
        <h4 class="card-title">CRUD Generator</h4>
      </div>
      <div class="card-body row">
         
          <div class="col-4">
            <div>
              <label for="dbname">Database Name</label>
              <input type="text" class="form-control" id="dbname" readonly value="{databaseName}" >  
            </div>

            <div class="mt-3">
              <label for="dbname">Nama Controller dan Model</label>
              <input type="text" class="form-control" id="nmcm" name="nmcm" placeholder="Nama Controller dan Model" >  
            </div>
          </div>
          <div class="col-4">
            <div>
              <h6>Pilih Nama Tabel</h6>
              <fieldset class="form-group">
                <select class="form-select" id="gettables" name="table" >
                  <option value="">Silahkan Pilih</option>          
                </select>
              </fieldset>
            </div>  
            <div>
            <div class="form-group">
                      <label for="nmview">Nama View</label>
                      <small class="text-muted">contoh.<i>user atau buat folder User/ViewUser</i></small>
                      <input type="text " list="data-folder-view" class="form-control" id="nmview" name="nmview">
                        &lt;?php 
                          // Path ke direktori 'view' dalam aplikasi CodeIgniter 4
                            $viewDirectory = APPPATH . 'Views/';

                            // Menggunakan scandir untuk mendapatkan daftar nama folder di dalam 'view'
                            $folders = array_filter(scandir($viewDirectory), function ($item) use ($viewDirectory) {
                                return is_dir($viewDirectory . $item) && !in_array($item, ['.', '..']);
                            });
                        ?&gt;
                      <datalist id="data-folder-view">
                        &lt;?php foreach($folders as $fd): ?&gt;
                          <option value="&lt;?=$fd?&gt;/">
                        &lt;?php endforeach ?&gt;
                        
                      </datalist>
                    </div>
            </div>  
            
            
          </div>
          <div class="col-4">  
          <div> 
              <label for="primary-key">Primary Key</label>
              <input type="text" class="form-control" id="primary-key" name="primary-key" readonly>      
              <div>              
                <div class="mt-3">
                  <button class="btn btn-danger mt-3 btn-generate" type="button"> Generate</button>
                </div>
              </div>             
          </div>
        </div>

     &lt;?= session()->getTempdata('item'); ?&gt;

</section>

<section class="section">
            
  <div class="card">
     <div class="card-header">
        <h4 class="card-title">CRUD Generator</h4>
      </div>
      <div class="card-body field">
       
      
      </div>
  </div>
</section>
</form>
&lt;?= $this->endSection(); ?&gt;

&lt;?= $this->section('js'); ?&gt;
    <script>
      $(document).ready(function () {

       $.ajax({
                type: "post",
                url: '&lt;?=base_url("generator/gettable")?&gt;',
               
                dataType: "json",
                success: function (response) {
                  let htmltag = '<option value="">Silahkan Pilih</option>'
                  $('#gettables').attr('disabled', false);
                  $.each(response, function(k, v) {
                    htmltag += '<option value="'+v+'">'+v+'</option>'
                      
                  });
                  $('#gettables').html(htmltag)
                }
              });
          
     

        $('#gettables').change(function (e) if (($("#gettables option:selected" ).text() != 'Silahkan Pilih'){
                $.ajax({
                  type: "post",
                  url: '&lt;?=base_url("generator/getkeytable")?&gt;',
                  data: {
                    gettable : $(this).val()): ,
                  dataType: "json",
                  success: function (response) {
                     $('#primary-key').val(response)
                  }
                });
            }else{
              $('#primary-key').val("")
            }
            
          });


          $('.btn-generate').click(function (e) { 
              let dbname = $('#dbname').val();
              let tbname = $('#gettables').val();
              let primary = $('#primary-key').val();
              let nmcm = $('#nmcm').val();

              if(dbname === '' || tbname === ''|| primary === ''||nmcm === ''){
                  alert('kosong')
              }else{
                $.ajax({
                  type: "post",
                  url: '&lt;?=base_url("generator/getfieldtable")?&gt;',
                  data: {
                    tbname : tbname
                  },
                  dataType: "json",
                  success: function (response) {          
                    $('.field').html(response);
                  }
                });
              }
            
          });

          $(document).on('click', '.btn-remove', function(){  
            let id = $(this).data('id');
              $("."+id+"").remove();
          });


      });
    </script>
&lt;?= $this->endSection(); ?&gt;"
[Method: GET, Route: dashboard/crudgenerator]
in SYSTEMPATH/View/Parser.php on line 490.
 1 SYSTEMPATH/View/Parser.php(490): CodeIgniter\View\Exceptions\ViewException::forTagSyntaxError('&lt;?= $this->extend(\'Template/main_template\'); ?&gt;

&lt;?= $this->section(\'content\'); ?&gt;
<form action="&lt;?=base_url(\'generator/generate\')?&gt;" class="" method="post">
<section class="section">
            
  <div class="card">
     <div class="card-header">
        <h4 class="card-title">CRUD Generator</h4>
      </div>
      <div class="card-body row">
         
          <div class="col-4">
            <div>
              <label for="dbname">Database Name</label>
              <input type="text" class="form-control" id="dbname" readonly value="{databaseName}" >  
            </div>

            <div class="mt-3">
              <label for="dbname">Nama Controller dan Model</label>
              <input type="text" class="form-control" id="nmcm" name="nmcm" placeholder="Nama Controller dan Model" >  
            </div>
          </div>
          <div class="col-4">
            <div>
              <h6>Pilih Nama Tabel</h6>
              <fieldset class="form-group">
                <select class="form-select" id="gettables" name="table" >
                  <option value="">Silahkan Pilih</option>          
                </select>
              </fieldset>
            </div>  
            <div>
            <div class="form-group">
                      <label for="nmview">Nama View</label>
                      <small class="text-muted">contoh.<i>user atau buat folder User/ViewUser</i></small>
                      <input type="text " list="data-folder-view" class="form-control" id="nmview" name="nmview">
                        &lt;?php 
                          // Path ke direktori \'view\' dalam aplikasi CodeIgniter 4
                            $viewDirectory = APPPATH . \'Views/\';

                            // Menggunakan scandir untuk mendapatkan daftar nama folder di dalam \'view\'
                            $folders = array_filter(scandir($viewDirectory), function ($item) use ($viewDirectory) {
                                return is_dir($viewDirectory . $item) && !in_array($item, [\'.\', \'..\']);
                            });
                        ?&gt;
                      <datalist id="data-folder-view">
                        &lt;?php foreach($folders as $fd): ?&gt;
                          <option value="&lt;?=$fd?&gt;/">
                        &lt;?php endforeach ?&gt;
                        
                      </datalist>
                    </div>
            </div>  
            
            
          </div>
          <div class="col-4">  
          <div> 
              <label for="primary-key">Primary Key</label>
              <input type="text" class="form-control" id="primary-key" name="primary-key" readonly>      
              <div>              
                <div class="mt-3">
                  <button class="btn btn-danger mt-3 btn-generate" type="button"> Generate</button>
                </div>
              </div>             
          </div>
        </div>

     &lt;?= session()->getTempdata(\'item\'); ?&gt;

</section>

<section class="section">
            
  <div class="card">
     <div class="card-header">
        <h4 class="card-title">CRUD Generator</h4>
      </div>
      <div class="card-body field">
       
      
      </div>
  </div>
</section>
</form>
&lt;?= $this->endSection(); ?&gt;

&lt;?= $this->section(\'js\'); ?&gt;
    <script>
      $(document).ready(function () {

       $.ajax({
                type: "post",
                url: \'&lt;?=base_url("generator/gettable")?&gt;\',
               
                dataType: "json",
                success: function (response) {
                  let htmltag = \'<option value="">Silahkan Pilih</option>\'
                  $(\'#gettables\').attr(\'disabled\', false);
                  $.each(response, function(k, v) {
                    htmltag += \'<option value="\'+v+\'">\'+v+\'</option>\'
                      
                  });
                  $(\'#gettables\').html(htmltag)
                }
              });
          
     

        $(\'#gettables\').change(function (e) if (($("#gettables option:selected" ).text() != \'Silahkan Pilih\'){
                $.ajax({
                  type: "post",
                  url: \'&lt;?=base_url("generator/getkeytable")?&gt;\',
                  data: {
                    gettable : $(this).val()): ,
                  dataType: "json",
                  success: function (response) {
                     $(\'#primary-key\').val(response)
                  }
                });
            }else{
              $(\'#primary-key\').val("")
            }
            
          });


          $(\'.btn-generate\').click(function (e) { 
              let dbname = $(\'#dbname\').val();
              let tbname = $(\'#gettables\').val();
              let primary = $(\'#primary-key\').val();
              let nmcm = $(\'#nmcm\').val();

              if(dbname === \'\' || tbname === \'\'|| primary === \'\'||nmcm === \'\'){
                  alert(\'kosong\')
              }else{
                $.ajax({
                  type: "post",
                  url: \'&lt;?=base_url("generator/getfieldtable")?&gt;\',
                  data: {
                    tbname : tbname
                  },
                  dataType: "json",
                  success: function (response) {          
                    $(\'.field\').html(response);
                  }
                });
              }
            
          });

          $(document).on(\'click\', \'.btn-remove\', function(){  
            let id = $(this).data(\'id\');
              $("."+id+"").remove();
          });


      });
    </script>
&lt;?= $this->endSection(); ?&gt;')
 2 SYSTEMPATH/View/Parser.php(251): CodeIgniter\View\Parser->parseConditionals('&lt;?= $this->extend(\'Template/main_template\'); ?&gt;

&lt;?= $this->section(\'content\'); ?&gt;
<form action="&lt;?=base_url(\'generator/generate\')?&gt;" class="" method="post">
<section class="section">
            
  <div class="card">
     <div class="card-header">
        <h4 class="card-title">CRUD Generator</h4>
      </div>
      <div class="card-body row">
         
          <div class="col-4">
            <div>
              <label for="dbname">Database Name</label>
              <input type="text" class="form-control" id="dbname" readonly value="{databaseName}" >  
            </div>

            <div class="mt-3">
              <label for="dbname">Nama Controller dan Model</label>
              <input type="text" class="form-control" id="nmcm" name="nmcm" placeholder="Nama Controller dan Model" >  
            </div>
          </div>
          <div class="col-4">
            <div>
              <h6>Pilih Nama Tabel</h6>
              <fieldset class="form-group">
                <select class="form-select" id="gettables" name="table" >
                  <option value="">Silahkan Pilih</option>          
                </select>
              </fieldset>
            </div>  
            <div>
            <div class="form-group">
                      <label for="nmview">Nama View</label>
                      <small class="text-muted">contoh.<i>user atau buat folder User/ViewUser</i></small>
                      <input type="text " list="data-folder-view" class="form-control" id="nmview" name="nmview">
                        &lt;?php 
                          // Path ke direktori \'view\' dalam aplikasi CodeIgniter 4
                            $viewDirectory = APPPATH . \'Views/\';

                            // Menggunakan scandir untuk mendapatkan daftar nama folder di dalam \'view\'
                            $folders = array_filter(scandir($viewDirectory), function ($item) use ($viewDirectory) {
                                return is_dir($viewDirectory . $item) && !in_array($item, [\'.\', \'..\']);
                            });
                        ?&gt;
                      <datalist id="data-folder-view">
                        &lt;?php foreach($folders as $fd): ?&gt;
                          <option value="&lt;?=$fd?&gt;/">
                        &lt;?php endforeach ?&gt;
                        
                      </datalist>
                    </div>
            </div>  
            
            
          </div>
          <div class="col-4">  
          <div> 
              <label for="primary-key">Primary Key</label>
              <input type="text" class="form-control" id="primary-key" name="primary-key" readonly>      
              <div>              
                <div class="mt-3">
                  <button class="btn btn-danger mt-3 btn-generate" type="button"> Generate</button>
                </div>
              </div>             
          </div>
        </div>

     &lt;?= session()->getTempdata(\'item\'); ?&gt;

</section>

<section class="section">
            
  <div class="card">
     <div class="card-header">
        <h4 class="card-title">CRUD Generator</h4>
      </div>
      <div class="card-body field">
       
      
      </div>
  </div>
</section>
</form>
&lt;?= $this->endSection(); ?&gt;

&lt;?= $this->section(\'js\'); ?&gt;
    <script>
      $(document).ready(function () {

       $.ajax({
                type: "post",
                url: \'&lt;?=base_url("generator/gettable")?&gt;\',
               
                dataType: "json",
                success: function (response) {
                  let htmltag = \'<option value="">Silahkan Pilih</option>\'
                  $(\'#gettables\').attr(\'disabled\', false);
                  $.each(response, function(k, v) {
                    htmltag += \'<option value="\'+v+\'">\'+v+\'</option>\'
                      
                  });
                  $(\'#gettables\').html(htmltag)
                }
              });
          
     

        $(\'#gettables\').change(function (e) <?php if (($("#gettables option:selected" ).text() != \'Silahkan Pilih\'){
                $.ajax({
                  type: "post",
                  url: \'&lt;?=base_url("generator/getkeytable")?&gt;\',
                  data: {
                    gettable : $(this).val()): ?>,
                  dataType: "json",
                  success: function (response) {
                     $(\'#primary-key\').val(response)
                  }
                });
            }else{
              $(\'#primary-key\').val("")
            }
            
          });


          $(\'.btn-generate\').click(function (e) { 
              let dbname = $(\'#dbname\').val();
              let tbname = $(\'#gettables\').val();
              let primary = $(\'#primary-key\').val();
              let nmcm = $(\'#nmcm\').val();

              if(dbname === \'\' || tbname === \'\'|| primary === \'\'||nmcm === \'\'){
                  alert(\'kosong\')
              }else{
                $.ajax({
                  type: "post",
                  url: \'&lt;?=base_url("generator/getfieldtable")?&gt;\',
                  data: {
                    tbname : tbname
                  },
                  dataType: "json",
                  success: function (response) {          
                    $(\'.field\').html(response);
                  }
                });
              }
            
          });

          $(document).on(\'click\', \'.btn-remove\', function(){  
            let id = $(this).data(\'id\');
              $("."+id+"").remove();
          });


      });
    </script>
&lt;?= $this->endSection(); ?&gt;')
 3 SYSTEMPATH/View/Parser.php(143): CodeIgniter\View\Parser->parse('&lt;?= $this->extend(\'Template/main_template\'); ?&gt;

&lt;?= $this->section(\'content\'); ?&gt;
<form action="&lt;?=base_url(\'generator/generate\')?&gt;" class="" method="post">
<section class="section">
            
  <div class="card">
     <div class="card-header">
        <h4 class="card-title">CRUD Generator</h4>
      </div>
      <div class="card-body row">
         
          <div class="col-4">
            <div>
              <label for="dbname">Database Name</label>
              <input type="text" class="form-control" id="dbname" readonly value="{databaseName}" >  
            </div>

            <div class="mt-3">
              <label for="dbname">Nama Controller dan Model</label>
              <input type="text" class="form-control" id="nmcm" name="nmcm" placeholder="Nama Controller dan Model" >  
            </div>
          </div>
          <div class="col-4">
            <div>
              <h6>Pilih Nama Tabel</h6>
              <fieldset class="form-group">
                <select class="form-select" id="gettables" name="table" >
                  <option value="">Silahkan Pilih</option>          
                </select>
              </fieldset>
            </div>  
            <div>
            <div class="form-group">
                      <label for="nmview">Nama View</label>
                      <small class="text-muted">contoh.<i>user atau buat folder User/ViewUser</i></small>
                      <input type="text " list="data-folder-view" class="form-control" id="nmview" name="nmview">
                        &lt;?php 
                          // Path ke direktori \'view\' dalam aplikasi CodeIgniter 4
                            $viewDirectory = APPPATH . \'Views/\';

                            // Menggunakan scandir untuk mendapatkan daftar nama folder di dalam \'view\'
                            $folders = array_filter(scandir($viewDirectory), function ($item) use ($viewDirectory) {
                                return is_dir($viewDirectory . $item) && !in_array($item, [\'.\', \'..\']);
                            });
                        ?&gt;
                      <datalist id="data-folder-view">
                        &lt;?php foreach($folders as $fd): ?&gt;
                          <option value="&lt;?=$fd?&gt;/">
                        &lt;?php endforeach ?&gt;
                        
                      </datalist>
                    </div>
            </div>  
            
            
          </div>
          <div class="col-4">  
          <div> 
              <label for="primary-key">Primary Key</label>
              <input type="text" class="form-control" id="primary-key" name="primary-key" readonly>      
              <div>              
                <div class="mt-3">
                  <button class="btn btn-danger mt-3 btn-generate" type="button"> Generate</button>
                </div>
              </div>             
          </div>
        </div>

     &lt;?= session()->getTempdata(\'item\'); ?&gt;

</section>

<section class="section">
            
  <div class="card">
     <div class="card-header">
        <h4 class="card-title">CRUD Generator</h4>
      </div>
      <div class="card-body field">
       
      
      </div>
  </div>
</section>
</form>
&lt;?= $this->endSection(); ?&gt;

&lt;?= $this->section(\'js\'); ?&gt;
    <script>
      $(document).ready(function () {

       $.ajax({
                type: "post",
                url: \'&lt;?=base_url("generator/gettable")?&gt;\',
               
                dataType: "json",
                success: function (response) {
                  let htmltag = \'<option value="">Silahkan Pilih</option>\'
                  $(\'#gettables\').attr(\'disabled\', false);
                  $.each(response, function(k, v) {
                    htmltag += \'<option value="\'+v+\'">\'+v+\'</option>\'
                      
                  });
                  $(\'#gettables\').html(htmltag)
                }
              });
          
     

        $(\'#gettables\').change(function (e) { 
        
            if($("#gettables option:selected" ).text() != \'Silahkan Pilih\'){
                $.ajax({
                  type: "post",
                  url: \'&lt;?=base_url("generator/getkeytable")?&gt;\',
                  data: {
                    gettable : $(this).val()
                  },
                  dataType: "json",
                  success: function (response) {
                     $(\'#primary-key\').val(response)
                  }
                });
            }else{
              $(\'#primary-key\').val("")
            }
            
          });


          $(\'.btn-generate\').click(function (e) { 
              let dbname = $(\'#dbname\').val();
              let tbname = $(\'#gettables\').val();
              let primary = $(\'#primary-key\').val();
              let nmcm = $(\'#nmcm\').val();

              if(dbname === \'\' || tbname === \'\'|| primary === \'\'||nmcm === \'\'){
                  alert(\'kosong\')
              }else{
                $.ajax({
                  type: "post",
                  url: \'&lt;?=base_url("generator/getfieldtable")?&gt;\',
                  data: {
                    tbname : tbname
                  },
                  dataType: "json",
                  success: function (response) {          
                    $(\'.field\').html(response);
                  }
                });
              }
            
          });

          $(document).on(\'click\', \'.btn-remove\', function(){  
            let id = $(this).data(\'id\');
              $("."+id+"").remove();
          });


      });
    </script>
&lt;?= $this->endSection(); ?&gt;', [...], null)
 4 APPPATH/Controllers/Generator/Generator.php(55): CodeIgniter\View\Parser->render('dashboard/generator.php')
 5 SYSTEMPATH/CodeIgniter.php(933): App\Controllers\Generator\Generator->index()
 6 SYSTEMPATH/CodeIgniter.php(509): CodeIgniter\CodeIgniter->runController(Object(App\Controllers\Generator\Generator))
 7 SYSTEMPATH/CodeIgniter.php(355): CodeIgniter\CodeIgniter->handleRequest(null, Object(Config\Cache), false)
 8 SYSTEMPATH/Boot.php(325): CodeIgniter\CodeIgniter->run()
 9 SYSTEMPATH/Boot.php(67): CodeIgniter\Boot::runCodeIgniter(Object(CodeIgniter\CodeIgniter))
10 FCPATH/index.php(56): CodeIgniter\Boot::bootWeb(Object(Config\Paths))
INFO - 2024-10-08 15:34:12 --> Session: Class initialized using 'CodeIgniter\Session\Handlers\FileHandler' driver.
INFO - 2024-10-08 15:34:14 --> Session: Class initialized using 'CodeIgniter\Session\Handlers\FileHandler' driver.
INFO - 2024-10-08 15:56:42 --> Session: Class initialized using 'CodeIgniter\Session\Handlers\FileHandler' driver.
