INFO - 2024-11-12 13:00:45 --> Session: Class initialized using 'CodeIgniter\Session\Handlers\FileHandler' driver.
INFO - 2024-11-12 13:03:36 --> Session: Class initialized using 'CodeIgniter\Session\Handlers\FileHandler' driver.
CRITICAL - 2024-11-12 13:03:36 --> CodeIgniter\View\Exceptions\ViewException: Invalid file: "test/test.php"
[Method: GET, Route: test]
in SYSTEMPATH/Exceptions/FrameworkException.php on line 41.
 1 SYSTEMPATH/View/View.php(222): CodeIgniter\Exceptions\FrameworkException::forInvalidFile('test/test.php')
 2 SYSTEMPATH/Common.php(1169): CodeIgniter\View\View->render('test/test', [], true)
 3 APPPATH/Controllers/Home.php(117): view('test/test')
 4 SYSTEMPATH/CodeIgniter.php(933): App\Controllers\Home->test()
 5 SYSTEMPATH/CodeIgniter.php(509): CodeIgniter\CodeIgniter->runController(Object(App\Controllers\Home))
 6 SYSTEMPATH/CodeIgniter.php(355): CodeIgniter\CodeIgniter->handleRequest(null, Object(Config\Cache), false)
 7 SYSTEMPATH/Boot.php(325): CodeIgniter\CodeIgniter->run()
 8 SYSTEMPATH/Boot.php(67): CodeIgniter\Boot::runCodeIgniter(Object(CodeIgniter\CodeIgniter))
 9 FCPATH/index.php(56): CodeIgniter\Boot::bootWeb(Object(Config\Paths))
INFO - 2024-11-12 13:03:52 --> Session: Class initialized using 'CodeIgniter\Session\Handlers\FileHandler' driver.
CRITICAL - 2024-11-12 13:03:52 --> ErrorException: Undefined variable $subMenu
[Method: GET, Route: test]
in APPPATH/Views/test/testview.php on line 7.
 1 APPPATH/Views/test/testview.php(7): CodeIgniter\Debug\Exceptions->errorHandler(2, 'Undefined variable $subMenu', '/Users/itdevaws/Sites/localhost/siap/app/Views/test/testview.php', 7)
 2 SYSTEMPATH/View/View.php(234): include('/Users/itdevaws/Sites/localhost/siap/app/Views/test/testview.php')
 3 SYSTEMPATH/View/View.php(237): CodeIgniter\View\View->CodeIgniter\View\{closure}()
 4 SYSTEMPATH/Common.php(1169): CodeIgniter\View\View->render('test/testview', [], true)
 5 APPPATH/Controllers/Home.php(117): view('test/testview')
 6 SYSTEMPATH/CodeIgniter.php(933): App\Controllers\Home->test()
 7 SYSTEMPATH/CodeIgniter.php(509): CodeIgniter\CodeIgniter->runController(Object(App\Controllers\Home))
 8 SYSTEMPATH/CodeIgniter.php(355): CodeIgniter\CodeIgniter->handleRequest(null, Object(Config\Cache), false)
 9 SYSTEMPATH/Boot.php(325): CodeIgniter\CodeIgniter->run()
10 SYSTEMPATH/Boot.php(67): CodeIgniter\Boot::runCodeIgniter(Object(CodeIgniter\CodeIgniter))
11 FCPATH/index.php(56): CodeIgniter\Boot::bootWeb(Object(Config\Paths))
INFO - 2024-11-12 13:04:03 --> Session: Class initialized using 'CodeIgniter\Session\Handlers\FileHandler' driver.
CRITICAL - 2024-11-12 13:04:04 --> ErrorException: Undefined variable $masterMenu
[Method: GET, Route: test]
in APPPATH/Views/Template/sidebar.php on line 85.
 1 APPPATH/Views/Template/sidebar.php(85): CodeIgniter\Debug\Exceptions->errorHandler(2, 'Undefined variable $masterMenu', '/Users/itdevaws/Sites/localhost/siap/app/Views/Template/sidebar.php', 85)
 2 SYSTEMPATH/View/View.php(234): include('/Users/itdevaws/Sites/localhost/siap/app/Views/Template/sidebar.php')
 3 SYSTEMPATH/View/View.php(237): CodeIgniter\View\View->CodeIgniter\View\{closure}()
 4 SYSTEMPATH/View/View.php(487): CodeIgniter\View\View->render('Template/sidebar', null, true)
 5 APPPATH/Views/Template/main_template.php(61): CodeIgniter\View\View->include('Template/sidebar')
 6 SYSTEMPATH/View/View.php(234): include('/Users/itdevaws/Sites/localhost/siap/app/Views/Template/main_template.php')
 7 SYSTEMPATH/View/View.php(237): CodeIgniter\View\View->CodeIgniter\View\{closure}()
 8 SYSTEMPATH/View/View.php(250): CodeIgniter\View\View->render('Template/main_template', [], true)
 9 SYSTEMPATH/Common.php(1169): CodeIgniter\View\View->render('test/testview', [], true)
10 APPPATH/Controllers/Home.php(117): view('test/testview')
11 SYSTEMPATH/CodeIgniter.php(933): App\Controllers\Home->test()
12 SYSTEMPATH/CodeIgniter.php(509): CodeIgniter\CodeIgniter->runController(Object(App\Controllers\Home))
13 SYSTEMPATH/CodeIgniter.php(355): CodeIgniter\CodeIgniter->handleRequest(null, Object(Config\Cache), false)
14 SYSTEMPATH/Boot.php(325): CodeIgniter\CodeIgniter->run()
15 SYSTEMPATH/Boot.php(67): CodeIgniter\Boot::runCodeIgniter(Object(CodeIgniter\CodeIgniter))
16 FCPATH/index.php(56): CodeIgniter\Boot::bootWeb(Object(Config\Paths))
INFO - 2024-11-12 13:04:33 --> Session: Class initialized using 'CodeIgniter\Session\Handlers\FileHandler' driver.
WARNING - 2024-11-12 13:04:33 --> [DEPRECATED] mb_strimwidth(): Passing null to parameter #1 ($string) of type string is deprecated in APPPATH/Views/Template/navbar.php on line 108.
 1 APPPATH/Views/Template/navbar.php(108): mb_strimwidth(null, 0, 15, '...')
 2 SYSTEMPATH/View/View.php(234): include('/Users/itdevaws/Sites/localhost/siap/app/Views/Template/navbar.php')
 3 SYSTEMPATH/View/View.php(237): CodeIgniter\View\View->CodeIgniter\View\{closure}()
 4 SYSTEMPATH/View/View.php(487): CodeIgniter\View\View->render('Template/navbar', null, true)
 5 APPPATH/Views/Template/main_template.php(66): CodeIgniter\View\View->include('Template/navbar')
 6 SYSTEMPATH/View/View.php(234): include('/Users/itdevaws/Sites/localhost/siap/app/Views/Template/main_template.php')
 7 SYSTEMPATH/View/View.php(237): CodeIgniter\View\View->CodeIgniter\View\{closure}()
 8 SYSTEMPATH/View/View.php(250): CodeIgniter\View\View->render('Template/main_template', [], true)
 9 SYSTEMPATH/Common.php(1169): CodeIgniter\View\View->render('test/testview', [], true)
10 APPPATH/Controllers/Home.php(123): view('test/testview', [...])
11 SYSTEMPATH/CodeIgniter.php(933): App\Controllers\Home->test()
12 SYSTEMPATH/CodeIgniter.php(509): CodeIgniter\CodeIgniter->runController(Object(App\Controllers\Home))
13 SYSTEMPATH/CodeIgniter.php(355): CodeIgniter\CodeIgniter->handleRequest(null, Object(Config\Cache), false)
14 SYSTEMPATH/Boot.php(325): CodeIgniter\CodeIgniter->run()
15 SYSTEMPATH/Boot.php(67): CodeIgniter\Boot::runCodeIgniter(Object(CodeIgniter\CodeIgniter))
16 FCPATH/index.php(56): CodeIgniter\Boot::bootWeb(Object(Config\Paths))
WARNING - 2024-11-12 13:04:33 --> [DEPRECATED] mb_strimwidth(): Passing null to parameter #1 ($string) of type string is deprecated in APPPATH/Views/Template/navbar.php on line 124.
 1 APPPATH/Views/Template/navbar.php(124): mb_strimwidth(null, 0, 10, '...')
 2 SYSTEMPATH/View/View.php(234): include('/Users/itdevaws/Sites/localhost/siap/app/Views/Template/navbar.php')
 3 SYSTEMPATH/View/View.php(237): CodeIgniter\View\View->CodeIgniter\View\{closure}()
 4 SYSTEMPATH/View/View.php(487): CodeIgniter\View\View->render('Template/navbar', null, true)
 5 APPPATH/Views/Template/main_template.php(66): CodeIgniter\View\View->include('Template/navbar')
 6 SYSTEMPATH/View/View.php(234): include('/Users/itdevaws/Sites/localhost/siap/app/Views/Template/main_template.php')
 7 SYSTEMPATH/View/View.php(237): CodeIgniter\View\View->CodeIgniter\View\{closure}()
 8 SYSTEMPATH/View/View.php(250): CodeIgniter\View\View->render('Template/main_template', [], true)
 9 SYSTEMPATH/Common.php(1169): CodeIgniter\View\View->render('test/testview', [], true)
10 APPPATH/Controllers/Home.php(123): view('test/testview', [...])
11 SYSTEMPATH/CodeIgniter.php(933): App\Controllers\Home->test()
12 SYSTEMPATH/CodeIgniter.php(509): CodeIgniter\CodeIgniter->runController(Object(App\Controllers\Home))
13 SYSTEMPATH/CodeIgniter.php(355): CodeIgniter\CodeIgniter->handleRequest(null, Object(Config\Cache), false)
14 SYSTEMPATH/Boot.php(325): CodeIgniter\CodeIgniter->run()
15 SYSTEMPATH/Boot.php(67): CodeIgniter\Boot::runCodeIgniter(Object(CodeIgniter\CodeIgniter))
16 FCPATH/index.php(56): CodeIgniter\Boot::bootWeb(Object(Config\Paths))
INFO - 2024-11-12 13:54:55 --> Session: Class initialized using 'CodeIgniter\Session\Handlers\FileHandler' driver.
WARNING - 2024-11-12 13:54:56 --> [DEPRECATED] mb_strimwidth(): Passing null to parameter #1 ($string) of type string is deprecated in APPPATH/Views/Template/navbar.php on line 108.
 1 APPPATH/Views/Template/navbar.php(108): mb_strimwidth(null, 0, 15, '...')
 2 SYSTEMPATH/View/View.php(234): include('/Users/itdevaws/Sites/localhost/siap/app/Views/Template/navbar.php')
 3 SYSTEMPATH/View/View.php(237): CodeIgniter\View\View->CodeIgniter\View\{closure}()
 4 SYSTEMPATH/View/View.php(487): CodeIgniter\View\View->render('Template/navbar', null, true)
 5 APPPATH/Views/Template/main_template.php(66): CodeIgniter\View\View->include('Template/navbar')
 6 SYSTEMPATH/View/View.php(234): include('/Users/itdevaws/Sites/localhost/siap/app/Views/Template/main_template.php')
 7 SYSTEMPATH/View/View.php(237): CodeIgniter\View\View->CodeIgniter\View\{closure}()
 8 SYSTEMPATH/View/View.php(250): CodeIgniter\View\View->render('Template/main_template', [], true)
 9 SYSTEMPATH/Common.php(1169): CodeIgniter\View\View->render('test/testview', [], true)
10 APPPATH/Controllers/Home.php(123): view('test/testview', [...])
11 SYSTEMPATH/CodeIgniter.php(933): App\Controllers\Home->test()
12 SYSTEMPATH/CodeIgniter.php(509): CodeIgniter\CodeIgniter->runController(Object(App\Controllers\Home))
13 SYSTEMPATH/CodeIgniter.php(355): CodeIgniter\CodeIgniter->handleRequest(null, Object(Config\Cache), false)
14 SYSTEMPATH/Boot.php(325): CodeIgniter\CodeIgniter->run()
15 SYSTEMPATH/Boot.php(67): CodeIgniter\Boot::runCodeIgniter(Object(CodeIgniter\CodeIgniter))
16 FCPATH/index.php(56): CodeIgniter\Boot::bootWeb(Object(Config\Paths))
WARNING - 2024-11-12 13:54:56 --> [DEPRECATED] mb_strimwidth(): Passing null to parameter #1 ($string) of type string is deprecated in APPPATH/Views/Template/navbar.php on line 124.
 1 APPPATH/Views/Template/navbar.php(124): mb_strimwidth(null, 0, 10, '...')
 2 SYSTEMPATH/View/View.php(234): include('/Users/itdevaws/Sites/localhost/siap/app/Views/Template/navbar.php')
 3 SYSTEMPATH/View/View.php(237): CodeIgniter\View\View->CodeIgniter\View\{closure}()
 4 SYSTEMPATH/View/View.php(487): CodeIgniter\View\View->render('Template/navbar', null, true)
 5 APPPATH/Views/Template/main_template.php(66): CodeIgniter\View\View->include('Template/navbar')
 6 SYSTEMPATH/View/View.php(234): include('/Users/itdevaws/Sites/localhost/siap/app/Views/Template/main_template.php')
 7 SYSTEMPATH/View/View.php(237): CodeIgniter\View\View->CodeIgniter\View\{closure}()
 8 SYSTEMPATH/View/View.php(250): CodeIgniter\View\View->render('Template/main_template', [], true)
 9 SYSTEMPATH/Common.php(1169): CodeIgniter\View\View->render('test/testview', [], true)
10 APPPATH/Controllers/Home.php(123): view('test/testview', [...])
11 SYSTEMPATH/CodeIgniter.php(933): App\Controllers\Home->test()
12 SYSTEMPATH/CodeIgniter.php(509): CodeIgniter\CodeIgniter->runController(Object(App\Controllers\Home))
13 SYSTEMPATH/CodeIgniter.php(355): CodeIgniter\CodeIgniter->handleRequest(null, Object(Config\Cache), false)
14 SYSTEMPATH/Boot.php(325): CodeIgniter\CodeIgniter->run()
15 SYSTEMPATH/Boot.php(67): CodeIgniter\Boot::runCodeIgniter(Object(CodeIgniter\CodeIgniter))
16 FCPATH/index.php(56): CodeIgniter\Boot::bootWeb(Object(Config\Paths))
INFO - 2024-11-12 14:05:28 --> Session: Class initialized using 'CodeIgniter\Session\Handlers\FileHandler' driver.
WARNING - 2024-11-12 14:05:28 --> [DEPRECATED] mb_strimwidth(): Passing null to parameter #1 ($string) of type string is deprecated in APPPATH/Views/Template/navbar.php on line 108.
 1 APPPATH/Views/Template/navbar.php(108): mb_strimwidth(null, 0, 15, '...')
 2 SYSTEMPATH/View/View.php(234): include('/Users/itdevaws/Sites/localhost/siap/app/Views/Template/navbar.php')
 3 SYSTEMPATH/View/View.php(237): CodeIgniter\View\View->CodeIgniter\View\{closure}()
 4 SYSTEMPATH/View/View.php(487): CodeIgniter\View\View->render('Template/navbar', null, true)
 5 APPPATH/Views/Template/main_template.php(66): CodeIgniter\View\View->include('Template/navbar')
 6 SYSTEMPATH/View/View.php(234): include('/Users/itdevaws/Sites/localhost/siap/app/Views/Template/main_template.php')
 7 SYSTEMPATH/View/View.php(237): CodeIgniter\View\View->CodeIgniter\View\{closure}()
 8 SYSTEMPATH/View/View.php(250): CodeIgniter\View\View->render('Template/main_template', [], true)
 9 SYSTEMPATH/Common.php(1169): CodeIgniter\View\View->render('test/testview', [], true)
10 APPPATH/Controllers/Home.php(123): view('test/testview', [...])
11 SYSTEMPATH/CodeIgniter.php(933): App\Controllers\Home->test()
12 SYSTEMPATH/CodeIgniter.php(509): CodeIgniter\CodeIgniter->runController(Object(App\Controllers\Home))
13 SYSTEMPATH/CodeIgniter.php(355): CodeIgniter\CodeIgniter->handleRequest(null, Object(Config\Cache), false)
14 SYSTEMPATH/Boot.php(325): CodeIgniter\CodeIgniter->run()
15 SYSTEMPATH/Boot.php(67): CodeIgniter\Boot::runCodeIgniter(Object(CodeIgniter\CodeIgniter))
16 FCPATH/index.php(56): CodeIgniter\Boot::bootWeb(Object(Config\Paths))
WARNING - 2024-11-12 14:05:28 --> [DEPRECATED] mb_strimwidth(): Passing null to parameter #1 ($string) of type string is deprecated in APPPATH/Views/Template/navbar.php on line 124.
 1 APPPATH/Views/Template/navbar.php(124): mb_strimwidth(null, 0, 10, '...')
 2 SYSTEMPATH/View/View.php(234): include('/Users/itdevaws/Sites/localhost/siap/app/Views/Template/navbar.php')
 3 SYSTEMPATH/View/View.php(237): CodeIgniter\View\View->CodeIgniter\View\{closure}()
 4 SYSTEMPATH/View/View.php(487): CodeIgniter\View\View->render('Template/navbar', null, true)
 5 APPPATH/Views/Template/main_template.php(66): CodeIgniter\View\View->include('Template/navbar')
 6 SYSTEMPATH/View/View.php(234): include('/Users/itdevaws/Sites/localhost/siap/app/Views/Template/main_template.php')
 7 SYSTEMPATH/View/View.php(237): CodeIgniter\View\View->CodeIgniter\View\{closure}()
 8 SYSTEMPATH/View/View.php(250): CodeIgniter\View\View->render('Template/main_template', [], true)
 9 SYSTEMPATH/Common.php(1169): CodeIgniter\View\View->render('test/testview', [], true)
10 APPPATH/Controllers/Home.php(123): view('test/testview', [...])
11 SYSTEMPATH/CodeIgniter.php(933): App\Controllers\Home->test()
12 SYSTEMPATH/CodeIgniter.php(509): CodeIgniter\CodeIgniter->runController(Object(App\Controllers\Home))
13 SYSTEMPATH/CodeIgniter.php(355): CodeIgniter\CodeIgniter->handleRequest(null, Object(Config\Cache), false)
14 SYSTEMPATH/Boot.php(325): CodeIgniter\CodeIgniter->run()
15 SYSTEMPATH/Boot.php(67): CodeIgniter\Boot::runCodeIgniter(Object(CodeIgniter\CodeIgniter))
16 FCPATH/index.php(56): CodeIgniter\Boot::bootWeb(Object(Config\Paths))
INFO - 2024-11-12 15:16:54 --> Session: Class initialized using 'CodeIgniter\Session\Handlers\FileHandler' driver.
WARNING - 2024-11-12 15:16:54 --> [DEPRECATED] mb_strimwidth(): Passing null to parameter #1 ($string) of type string is deprecated in APPPATH/Views/Template/navbar.php on line 108.
 1 APPPATH/Views/Template/navbar.php(108): mb_strimwidth(null, 0, 15, '...')
 2 SYSTEMPATH/View/View.php(234): include('/Users/itdevaws/Sites/localhost/siap/app/Views/Template/navbar.php')
 3 SYSTEMPATH/View/View.php(237): CodeIgniter\View\View->CodeIgniter\View\{closure}()
 4 SYSTEMPATH/View/View.php(487): CodeIgniter\View\View->render('Template/navbar', null, true)
 5 APPPATH/Views/Template/main_template.php(66): CodeIgniter\View\View->include('Template/navbar')
 6 SYSTEMPATH/View/View.php(234): include('/Users/itdevaws/Sites/localhost/siap/app/Views/Template/main_template.php')
 7 SYSTEMPATH/View/View.php(237): CodeIgniter\View\View->CodeIgniter\View\{closure}()
 8 SYSTEMPATH/View/View.php(250): CodeIgniter\View\View->render('Template/main_template', [], true)
 9 SYSTEMPATH/Common.php(1169): CodeIgniter\View\View->render('test/testview', [], true)
10 APPPATH/Controllers/Home.php(123): view('test/testview', [...])
11 SYSTEMPATH/CodeIgniter.php(933): App\Controllers\Home->test()
12 SYSTEMPATH/CodeIgniter.php(509): CodeIgniter\CodeIgniter->runController(Object(App\Controllers\Home))
13 SYSTEMPATH/CodeIgniter.php(355): CodeIgniter\CodeIgniter->handleRequest(null, Object(Config\Cache), false)
14 SYSTEMPATH/Boot.php(325): CodeIgniter\CodeIgniter->run()
15 SYSTEMPATH/Boot.php(67): CodeIgniter\Boot::runCodeIgniter(Object(CodeIgniter\CodeIgniter))
16 FCPATH/index.php(56): CodeIgniter\Boot::bootWeb(Object(Config\Paths))
WARNING - 2024-11-12 15:16:54 --> [DEPRECATED] mb_strimwidth(): Passing null to parameter #1 ($string) of type string is deprecated in APPPATH/Views/Template/navbar.php on line 124.
 1 APPPATH/Views/Template/navbar.php(124): mb_strimwidth(null, 0, 10, '...')
 2 SYSTEMPATH/View/View.php(234): include('/Users/itdevaws/Sites/localhost/siap/app/Views/Template/navbar.php')
 3 SYSTEMPATH/View/View.php(237): CodeIgniter\View\View->CodeIgniter\View\{closure}()
 4 SYSTEMPATH/View/View.php(487): CodeIgniter\View\View->render('Template/navbar', null, true)
 5 APPPATH/Views/Template/main_template.php(66): CodeIgniter\View\View->include('Template/navbar')
 6 SYSTEMPATH/View/View.php(234): include('/Users/itdevaws/Sites/localhost/siap/app/Views/Template/main_template.php')
 7 SYSTEMPATH/View/View.php(237): CodeIgniter\View\View->CodeIgniter\View\{closure}()
 8 SYSTEMPATH/View/View.php(250): CodeIgniter\View\View->render('Template/main_template', [], true)
 9 SYSTEMPATH/Common.php(1169): CodeIgniter\View\View->render('test/testview', [], true)
10 APPPATH/Controllers/Home.php(123): view('test/testview', [...])
11 SYSTEMPATH/CodeIgniter.php(933): App\Controllers\Home->test()
12 SYSTEMPATH/CodeIgniter.php(509): CodeIgniter\CodeIgniter->runController(Object(App\Controllers\Home))
13 SYSTEMPATH/CodeIgniter.php(355): CodeIgniter\CodeIgniter->handleRequest(null, Object(Config\Cache), false)
14 SYSTEMPATH/Boot.php(325): CodeIgniter\CodeIgniter->run()
15 SYSTEMPATH/Boot.php(67): CodeIgniter\Boot::runCodeIgniter(Object(CodeIgniter\CodeIgniter))
16 FCPATH/index.php(56): CodeIgniter\Boot::bootWeb(Object(Config\Paths))
INFO - 2024-11-12 15:52:02 --> Session: Class initialized using 'CodeIgniter\Session\Handlers\FileHandler' driver.
WARNING - 2024-11-12 15:52:02 --> [DEPRECATED] mb_strimwidth(): Passing null to parameter #1 ($string) of type string is deprecated in APPPATH/Views/Template/navbar.php on line 108.
 1 APPPATH/Views/Template/navbar.php(108): mb_strimwidth(null, 0, 15, '...')
 2 SYSTEMPATH/View/View.php(234): include('/Users/itdevaws/Sites/localhost/siap/app/Views/Template/navbar.php')
 3 SYSTEMPATH/View/View.php(237): CodeIgniter\View\View->CodeIgniter\View\{closure}()
 4 SYSTEMPATH/View/View.php(487): CodeIgniter\View\View->render('Template/navbar', null, true)
 5 APPPATH/Views/Template/main_template.php(66): CodeIgniter\View\View->include('Template/navbar')
 6 SYSTEMPATH/View/View.php(234): include('/Users/itdevaws/Sites/localhost/siap/app/Views/Template/main_template.php')
 7 SYSTEMPATH/View/View.php(237): CodeIgniter\View\View->CodeIgniter\View\{closure}()
 8 SYSTEMPATH/View/View.php(250): CodeIgniter\View\View->render('Template/main_template', [], true)
 9 SYSTEMPATH/Common.php(1169): CodeIgniter\View\View->render('test/testview', [], true)
10 APPPATH/Controllers/Home.php(123): view('test/testview', [...])
11 SYSTEMPATH/CodeIgniter.php(933): App\Controllers\Home->test()
12 SYSTEMPATH/CodeIgniter.php(509): CodeIgniter\CodeIgniter->runController(Object(App\Controllers\Home))
13 SYSTEMPATH/CodeIgniter.php(355): CodeIgniter\CodeIgniter->handleRequest(null, Object(Config\Cache), false)
14 SYSTEMPATH/Boot.php(325): CodeIgniter\CodeIgniter->run()
15 SYSTEMPATH/Boot.php(67): CodeIgniter\Boot::runCodeIgniter(Object(CodeIgniter\CodeIgniter))
16 FCPATH/index.php(56): CodeIgniter\Boot::bootWeb(Object(Config\Paths))
WARNING - 2024-11-12 15:52:02 --> [DEPRECATED] mb_strimwidth(): Passing null to parameter #1 ($string) of type string is deprecated in APPPATH/Views/Template/navbar.php on line 124.
 1 APPPATH/Views/Template/navbar.php(124): mb_strimwidth(null, 0, 10, '...')
 2 SYSTEMPATH/View/View.php(234): include('/Users/itdevaws/Sites/localhost/siap/app/Views/Template/navbar.php')
 3 SYSTEMPATH/View/View.php(237): CodeIgniter\View\View->CodeIgniter\View\{closure}()
 4 SYSTEMPATH/View/View.php(487): CodeIgniter\View\View->render('Template/navbar', null, true)
 5 APPPATH/Views/Template/main_template.php(66): CodeIgniter\View\View->include('Template/navbar')
 6 SYSTEMPATH/View/View.php(234): include('/Users/itdevaws/Sites/localhost/siap/app/Views/Template/main_template.php')
 7 SYSTEMPATH/View/View.php(237): CodeIgniter\View\View->CodeIgniter\View\{closure}()
 8 SYSTEMPATH/View/View.php(250): CodeIgniter\View\View->render('Template/main_template', [], true)
 9 SYSTEMPATH/Common.php(1169): CodeIgniter\View\View->render('test/testview', [], true)
10 APPPATH/Controllers/Home.php(123): view('test/testview', [...])
11 SYSTEMPATH/CodeIgniter.php(933): App\Controllers\Home->test()
12 SYSTEMPATH/CodeIgniter.php(509): CodeIgniter\CodeIgniter->runController(Object(App\Controllers\Home))
13 SYSTEMPATH/CodeIgniter.php(355): CodeIgniter\CodeIgniter->handleRequest(null, Object(Config\Cache), false)
14 SYSTEMPATH/Boot.php(325): CodeIgniter\CodeIgniter->run()
15 SYSTEMPATH/Boot.php(67): CodeIgniter\Boot::runCodeIgniter(Object(CodeIgniter\CodeIgniter))
16 FCPATH/index.php(56): CodeIgniter\Boot::bootWeb(Object(Config\Paths))
