ERROR - 2024-10-01 10:46:29 --> mysqli_sql_exception: Column 'nama' cannot be null in /Users/itdevaws/Sites/localhost/newtemp/vendor/codeigniter4/framework/system/Database/MySQLi/Connection.php:312
Stack trace:
#0 /Users/itdevaws/Sites/localhost/newtemp/vendor/codeigniter4/framework/system/Database/MySQLi/Connection.php(312): mysqli->query('INSERT INTO `tb...', 0)
#1 /Users/itdevaws/Sites/localhost/newtemp/vendor/codeigniter4/framework/system/Database/BaseConnection.php(734): CodeIgniter\Database\MySQLi\Connection->execute('INSERT INTO `tb...')
#2 /Users/itdevaws/Sites/localhost/newtemp/vendor/codeigniter4/framework/system/Database/BaseConnection.php(648): CodeIgniter\Database\BaseConnection->simpleQuery('INSERT INTO `tb...')
#3 /Users/itdevaws/Sites/localhost/newtemp/vendor/codeigniter4/framework/system/Database/BaseBuilder.php(2340): CodeIgniter\Database\BaseConnection->query('INSERT INTO `tb...', Array, false)
#4 /Users/itdevaws/Sites/localhost/newtemp/vendor/codeigniter4/framework/system/Model.php(394): CodeIgniter\Database\BaseBuilder->insert()
#5 /Users/itdevaws/Sites/localhost/newtemp/vendor/codeigniter4/framework/system/BaseModel.php(840): CodeIgniter\Model->doInsert(Array)
#6 /Users/itdevaws/Sites/localhost/newtemp/vendor/codeigniter4/framework/system/Model.php(802): CodeIgniter\BaseModel->insert(Array, false)
#7 /Users/itdevaws/Sites/localhost/newtemp/vendor/codeigniter4/framework/system/BaseModel.php(751): CodeIgniter\Model->insert(Array, false)
#8 /Users/itdevaws/Sites/localhost/newtemp/app/Controllers/Auth/AuthController.php(232): CodeIgniter\BaseModel->save(Array)
#9 /Users/itdevaws/Sites/localhost/newtemp/vendor/codeigniter4/framework/system/CodeIgniter.php(933): App\Controllers\Auth\AuthController->prosesDaftar()
#10 /Users/itdevaws/Sites/localhost/newtemp/vendor/codeigniter4/framework/system/CodeIgniter.php(509): CodeIgniter\CodeIgniter->runController(Object(App\Controllers\Auth\AuthController))
#11 /Users/itdevaws/Sites/localhost/newtemp/vendor/codeigniter4/framework/system/CodeIgniter.php(355): CodeIgniter\CodeIgniter->handleRequest(NULL, Object(Config\Cache), false)
#12 /Users/itdevaws/Sites/localhost/newtemp/vendor/codeigniter4/framework/system/Boot.php(325): CodeIgniter\CodeIgniter->run()
#13 /Users/itdevaws/Sites/localhost/newtemp/vendor/codeigniter4/framework/system/Boot.php(67): CodeIgniter\Boot::runCodeIgniter(Object(CodeIgniter\CodeIgniter))
#14 /Users/itdevaws/Sites/localhost/newtemp/index.php(56): CodeIgniter\Boot::bootWeb(Object(Config\Paths))
#15 {main}
CRITICAL - 2024-10-01 10:46:29 --> CodeIgniter\Database\Exceptions\DatabaseException: Column 'nama' cannot be null
[Method: POST, Route: proses-daftar]
in SYSTEMPATH/Database/BaseConnection.php on line 688.
 1 SYSTEMPATH/Database/BaseBuilder.php(2340): CodeIgniter\Database\BaseConnection->query('INSERT INTO `tb_user` (`nama`, `email`, `username`, `password`, `sts_aktif`) VALUES (:nama:, :email:, :username:, :password:, :sts_aktif:)', [...], false)
 2 SYSTEMPATH/Model.php(394): CodeIgniter\Database\BaseBuilder->insert()
 3 SYSTEMPATH/BaseModel.php(840): CodeIgniter\Model->doInsert([...])
 4 SYSTEMPATH/Model.php(802): CodeIgniter\BaseModel->insert([...], false)
 5 SYSTEMPATH/BaseModel.php(751): CodeIgniter\Model->insert([...], false)
 6 APPPATH/Controllers/Auth/AuthController.php(232): CodeIgniter\BaseModel->save([...])
 7 SYSTEMPATH/CodeIgniter.php(933): App\Controllers\Auth\AuthController->prosesDaftar()
 8 SYSTEMPATH/CodeIgniter.php(509): CodeIgniter\CodeIgniter->runController(Object(App\Controllers\Auth\AuthController))
 9 SYSTEMPATH/CodeIgniter.php(355): CodeIgniter\CodeIgniter->handleRequest(null, Object(Config\Cache), false)
10 SYSTEMPATH/Boot.php(325): CodeIgniter\CodeIgniter->run()
11 SYSTEMPATH/Boot.php(67): CodeIgniter\Boot::runCodeIgniter(Object(CodeIgniter\CodeIgniter))
12 FCPATH/index.php(56): CodeIgniter\Boot::bootWeb(Object(Config\Paths))
CRITICAL - 2024-10-01 10:46:29 --> [Caused by] CodeIgniter\Database\Exceptions\DatabaseException: Column 'nama' cannot be null
in SYSTEMPATH/Database/MySQLi/Connection.php on line 317.
 1 SYSTEMPATH/Database/BaseConnection.php(734): CodeIgniter\Database\MySQLi\Connection->execute('INSERT INTO `tb_user` (`nama`, `email`, `username`, `password`, `sts_aktif`) VALUES (NULL, NULL, \'\', \'$2y$10$XsXkFUEZiYkOPl0gA5/.t.i/wsdU6/VT.VNvxB0fFMupbJ.BeFr7q\', \'Y\')')
 2 SYSTEMPATH/Database/BaseConnection.php(648): CodeIgniter\Database\BaseConnection->simpleQuery('INSERT INTO `tb_user` (`nama`, `email`, `username`, `password`, `sts_aktif`) VALUES (NULL, NULL, \'\', \'$2y$10$XsXkFUEZiYkOPl0gA5/.t.i/wsdU6/VT.VNvxB0fFMupbJ.BeFr7q\', \'Y\')')
 3 SYSTEMPATH/Database/BaseBuilder.php(2340): CodeIgniter\Database\BaseConnection->query('INSERT INTO `tb_user` (`nama`, `email`, `username`, `password`, `sts_aktif`) VALUES (:nama:, :email:, :username:, :password:, :sts_aktif:)', [...], false)
 4 SYSTEMPATH/Model.php(394): CodeIgniter\Database\BaseBuilder->insert()
 5 SYSTEMPATH/BaseModel.php(840): CodeIgniter\Model->doInsert([...])
 6 SYSTEMPATH/Model.php(802): CodeIgniter\BaseModel->insert([...], false)
 7 SYSTEMPATH/BaseModel.php(751): CodeIgniter\Model->insert([...], false)
 8 APPPATH/Controllers/Auth/AuthController.php(232): CodeIgniter\BaseModel->save([...])
 9 SYSTEMPATH/CodeIgniter.php(933): App\Controllers\Auth\AuthController->prosesDaftar()
10 SYSTEMPATH/CodeIgniter.php(509): CodeIgniter\CodeIgniter->runController(Object(App\Controllers\Auth\AuthController))
11 SYSTEMPATH/CodeIgniter.php(355): CodeIgniter\CodeIgniter->handleRequest(null, Object(Config\Cache), false)
12 SYSTEMPATH/Boot.php(325): CodeIgniter\CodeIgniter->run()
13 SYSTEMPATH/Boot.php(67): CodeIgniter\Boot::runCodeIgniter(Object(CodeIgniter\CodeIgniter))
14 FCPATH/index.php(56): CodeIgniter\Boot::bootWeb(Object(Config\Paths))
CRITICAL - 2024-10-01 10:46:29 --> [Caused by] mysqli_sql_exception: Column 'nama' cannot be null
in SYSTEMPATH/Database/MySQLi/Connection.php on line 312.
 1 SYSTEMPATH/Database/MySQLi/Connection.php(312): mysqli->query('INSERT INTO `tb_user` (`nama`, `email`, `username`, `password`, `sts_aktif`) VALUES (NULL, NULL, \'\', \'$2y$10$XsXkFUEZiYkOPl0gA5/.t.i/wsdU6/VT.VNvxB0fFMupbJ.BeFr7q\', \'Y\')', 0)
 2 SYSTEMPATH/Database/BaseConnection.php(734): CodeIgniter\Database\MySQLi\Connection->execute('INSERT INTO `tb_user` (`nama`, `email`, `username`, `password`, `sts_aktif`) VALUES (NULL, NULL, \'\', \'$2y$10$XsXkFUEZiYkOPl0gA5/.t.i/wsdU6/VT.VNvxB0fFMupbJ.BeFr7q\', \'Y\')')
 3 SYSTEMPATH/Database/BaseConnection.php(648): CodeIgniter\Database\BaseConnection->simpleQuery('INSERT INTO `tb_user` (`nama`, `email`, `username`, `password`, `sts_aktif`) VALUES (NULL, NULL, \'\', \'$2y$10$XsXkFUEZiYkOPl0gA5/.t.i/wsdU6/VT.VNvxB0fFMupbJ.BeFr7q\', \'Y\')')
 4 SYSTEMPATH/Database/BaseBuilder.php(2340): CodeIgniter\Database\BaseConnection->query('INSERT INTO `tb_user` (`nama`, `email`, `username`, `password`, `sts_aktif`) VALUES (:nama:, :email:, :username:, :password:, :sts_aktif:)', [...], false)
 5 SYSTEMPATH/Model.php(394): CodeIgniter\Database\BaseBuilder->insert()
 6 SYSTEMPATH/BaseModel.php(840): CodeIgniter\Model->doInsert([...])
 7 SYSTEMPATH/Model.php(802): CodeIgniter\BaseModel->insert([...], false)
 8 SYSTEMPATH/BaseModel.php(751): CodeIgniter\Model->insert([...], false)
 9 APPPATH/Controllers/Auth/AuthController.php(232): CodeIgniter\BaseModel->save([...])
10 SYSTEMPATH/CodeIgniter.php(933): App\Controllers\Auth\AuthController->prosesDaftar()
11 SYSTEMPATH/CodeIgniter.php(509): CodeIgniter\CodeIgniter->runController(Object(App\Controllers\Auth\AuthController))
12 SYSTEMPATH/CodeIgniter.php(355): CodeIgniter\CodeIgniter->handleRequest(null, Object(Config\Cache), false)
13 SYSTEMPATH/Boot.php(325): CodeIgniter\CodeIgniter->run()
14 SYSTEMPATH/Boot.php(67): CodeIgniter\Boot::runCodeIgniter(Object(CodeIgniter\CodeIgniter))
15 FCPATH/index.php(56): CodeIgniter\Boot::bootWeb(Object(Config\Paths))
ERROR - 2024-10-01 10:46:29 --> mysqli_sql_exception: Column 'nama' cannot be null in /Users/itdevaws/Sites/localhost/newtemp/vendor/codeigniter4/framework/system/Database/MySQLi/Connection.php:312
Stack trace:
#0 /Users/itdevaws/Sites/localhost/newtemp/vendor/codeigniter4/framework/system/Database/MySQLi/Connection.php(312): mysqli->query('INSERT INTO `tb...', 0)
#1 /Users/itdevaws/Sites/localhost/newtemp/vendor/codeigniter4/framework/system/Database/BaseConnection.php(734): CodeIgniter\Database\MySQLi\Connection->execute('INSERT INTO `tb...')
#2 /Users/itdevaws/Sites/localhost/newtemp/vendor/codeigniter4/framework/system/Database/BaseConnection.php(648): CodeIgniter\Database\BaseConnection->simpleQuery('INSERT INTO `tb...')
#3 /Users/itdevaws/Sites/localhost/newtemp/vendor/codeigniter4/framework/system/Database/BaseBuilder.php(2340): CodeIgniter\Database\BaseConnection->query('INSERT INTO `tb...', Array, false)
#4 /Users/itdevaws/Sites/localhost/newtemp/vendor/codeigniter4/framework/system/Model.php(394): CodeIgniter\Database\BaseBuilder->insert()
#5 /Users/itdevaws/Sites/localhost/newtemp/vendor/codeigniter4/framework/system/BaseModel.php(840): CodeIgniter\Model->doInsert(Array)
#6 /Users/itdevaws/Sites/localhost/newtemp/vendor/codeigniter4/framework/system/Model.php(802): CodeIgniter\BaseModel->insert(Array, false)
#7 /Users/itdevaws/Sites/localhost/newtemp/vendor/codeigniter4/framework/system/BaseModel.php(751): CodeIgniter\Model->insert(Array, false)
#8 /Users/itdevaws/Sites/localhost/newtemp/app/Controllers/Auth/AuthController.php(232): CodeIgniter\BaseModel->save(Array)
#9 /Users/itdevaws/Sites/localhost/newtemp/vendor/codeigniter4/framework/system/CodeIgniter.php(933): App\Controllers\Auth\AuthController->prosesDaftar()
#10 /Users/itdevaws/Sites/localhost/newtemp/vendor/codeigniter4/framework/system/CodeIgniter.php(509): CodeIgniter\CodeIgniter->runController(Object(App\Controllers\Auth\AuthController))
#11 /Users/itdevaws/Sites/localhost/newtemp/vendor/codeigniter4/framework/system/CodeIgniter.php(355): CodeIgniter\CodeIgniter->handleRequest(NULL, Object(Config\Cache), false)
#12 /Users/itdevaws/Sites/localhost/newtemp/vendor/codeigniter4/framework/system/Boot.php(325): CodeIgniter\CodeIgniter->run()
#13 /Users/itdevaws/Sites/localhost/newtemp/vendor/codeigniter4/framework/system/Boot.php(67): CodeIgniter\Boot::runCodeIgniter(Object(CodeIgniter\CodeIgniter))
#14 /Users/itdevaws/Sites/localhost/newtemp/index.php(56): CodeIgniter\Boot::bootWeb(Object(Config\Paths))
#15 {main}
CRITICAL - 2024-10-01 10:46:29 --> CodeIgniter\Database\Exceptions\DatabaseException: Column 'nama' cannot be null
[Method: POST, Route: proses-daftar]
in SYSTEMPATH/Database/BaseConnection.php on line 688.
 1 SYSTEMPATH/Database/BaseBuilder.php(2340): CodeIgniter\Database\BaseConnection->query('INSERT INTO `tb_user` (`nama`, `email`, `username`, `password`, `sts_aktif`) VALUES (:nama:, :email:, :username:, :password:, :sts_aktif:)', [...], false)
 2 SYSTEMPATH/Model.php(394): CodeIgniter\Database\BaseBuilder->insert()
 3 SYSTEMPATH/BaseModel.php(840): CodeIgniter\Model->doInsert([...])
 4 SYSTEMPATH/Model.php(802): CodeIgniter\BaseModel->insert([...], false)
 5 SYSTEMPATH/BaseModel.php(751): CodeIgniter\Model->insert([...], false)
 6 APPPATH/Controllers/Auth/AuthController.php(232): CodeIgniter\BaseModel->save([...])
 7 SYSTEMPATH/CodeIgniter.php(933): App\Controllers\Auth\AuthController->prosesDaftar()
 8 SYSTEMPATH/CodeIgniter.php(509): CodeIgniter\CodeIgniter->runController(Object(App\Controllers\Auth\AuthController))
 9 SYSTEMPATH/CodeIgniter.php(355): CodeIgniter\CodeIgniter->handleRequest(null, Object(Config\Cache), false)
10 SYSTEMPATH/Boot.php(325): CodeIgniter\CodeIgniter->run()
11 SYSTEMPATH/Boot.php(67): CodeIgniter\Boot::runCodeIgniter(Object(CodeIgniter\CodeIgniter))
12 FCPATH/index.php(56): CodeIgniter\Boot::bootWeb(Object(Config\Paths))
CRITICAL - 2024-10-01 10:46:29 --> [Caused by] CodeIgniter\Database\Exceptions\DatabaseException: Column 'nama' cannot be null
in SYSTEMPATH/Database/MySQLi/Connection.php on line 317.
 1 SYSTEMPATH/Database/BaseConnection.php(734): CodeIgniter\Database\MySQLi\Connection->execute('INSERT INTO `tb_user` (`nama`, `email`, `username`, `password`, `sts_aktif`) VALUES (NULL, NULL, \'\', \'$2y$10$iGgC3eitFGdN/mJm1gM1pOtUTAfgtXhi6vS2uWhYo6oziGJfZWUrq\', \'Y\')')
 2 SYSTEMPATH/Database/BaseConnection.php(648): CodeIgniter\Database\BaseConnection->simpleQuery('INSERT INTO `tb_user` (`nama`, `email`, `username`, `password`, `sts_aktif`) VALUES (NULL, NULL, \'\', \'$2y$10$iGgC3eitFGdN/mJm1gM1pOtUTAfgtXhi6vS2uWhYo6oziGJfZWUrq\', \'Y\')')
 3 SYSTEMPATH/Database/BaseBuilder.php(2340): CodeIgniter\Database\BaseConnection->query('INSERT INTO `tb_user` (`nama`, `email`, `username`, `password`, `sts_aktif`) VALUES (:nama:, :email:, :username:, :password:, :sts_aktif:)', [...], false)
 4 SYSTEMPATH/Model.php(394): CodeIgniter\Database\BaseBuilder->insert()
 5 SYSTEMPATH/BaseModel.php(840): CodeIgniter\Model->doInsert([...])
 6 SYSTEMPATH/Model.php(802): CodeIgniter\BaseModel->insert([...], false)
 7 SYSTEMPATH/BaseModel.php(751): CodeIgniter\Model->insert([...], false)
 8 APPPATH/Controllers/Auth/AuthController.php(232): CodeIgniter\BaseModel->save([...])
 9 SYSTEMPATH/CodeIgniter.php(933): App\Controllers\Auth\AuthController->prosesDaftar()
10 SYSTEMPATH/CodeIgniter.php(509): CodeIgniter\CodeIgniter->runController(Object(App\Controllers\Auth\AuthController))
11 SYSTEMPATH/CodeIgniter.php(355): CodeIgniter\CodeIgniter->handleRequest(null, Object(Config\Cache), false)
12 SYSTEMPATH/Boot.php(325): CodeIgniter\CodeIgniter->run()
13 SYSTEMPATH/Boot.php(67): CodeIgniter\Boot::runCodeIgniter(Object(CodeIgniter\CodeIgniter))
14 FCPATH/index.php(56): CodeIgniter\Boot::bootWeb(Object(Config\Paths))
CRITICAL - 2024-10-01 10:46:29 --> [Caused by] mysqli_sql_exception: Column 'nama' cannot be null
in SYSTEMPATH/Database/MySQLi/Connection.php on line 312.
 1 SYSTEMPATH/Database/MySQLi/Connection.php(312): mysqli->query('INSERT INTO `tb_user` (`nama`, `email`, `username`, `password`, `sts_aktif`) VALUES (NULL, NULL, \'\', \'$2y$10$iGgC3eitFGdN/mJm1gM1pOtUTAfgtXhi6vS2uWhYo6oziGJfZWUrq\', \'Y\')', 0)
 2 SYSTEMPATH/Database/BaseConnection.php(734): CodeIgniter\Database\MySQLi\Connection->execute('INSERT INTO `tb_user` (`nama`, `email`, `username`, `password`, `sts_aktif`) VALUES (NULL, NULL, \'\', \'$2y$10$iGgC3eitFGdN/mJm1gM1pOtUTAfgtXhi6vS2uWhYo6oziGJfZWUrq\', \'Y\')')
 3 SYSTEMPATH/Database/BaseConnection.php(648): CodeIgniter\Database\BaseConnection->simpleQuery('INSERT INTO `tb_user` (`nama`, `email`, `username`, `password`, `sts_aktif`) VALUES (NULL, NULL, \'\', \'$2y$10$iGgC3eitFGdN/mJm1gM1pOtUTAfgtXhi6vS2uWhYo6oziGJfZWUrq\', \'Y\')')
 4 SYSTEMPATH/Database/BaseBuilder.php(2340): CodeIgniter\Database\BaseConnection->query('INSERT INTO `tb_user` (`nama`, `email`, `username`, `password`, `sts_aktif`) VALUES (:nama:, :email:, :username:, :password:, :sts_aktif:)', [...], false)
 5 SYSTEMPATH/Model.php(394): CodeIgniter\Database\BaseBuilder->insert()
 6 SYSTEMPATH/BaseModel.php(840): CodeIgniter\Model->doInsert([...])
 7 SYSTEMPATH/Model.php(802): CodeIgniter\BaseModel->insert([...], false)
 8 SYSTEMPATH/BaseModel.php(751): CodeIgniter\Model->insert([...], false)
 9 APPPATH/Controllers/Auth/AuthController.php(232): CodeIgniter\BaseModel->save([...])
10 SYSTEMPATH/CodeIgniter.php(933): App\Controllers\Auth\AuthController->prosesDaftar()
11 SYSTEMPATH/CodeIgniter.php(509): CodeIgniter\CodeIgniter->runController(Object(App\Controllers\Auth\AuthController))
12 SYSTEMPATH/CodeIgniter.php(355): CodeIgniter\CodeIgniter->handleRequest(null, Object(Config\Cache), false)
13 SYSTEMPATH/Boot.php(325): CodeIgniter\CodeIgniter->run()
14 SYSTEMPATH/Boot.php(67): CodeIgniter\Boot::runCodeIgniter(Object(CodeIgniter\CodeIgniter))
15 FCPATH/index.php(56): CodeIgniter\Boot::bootWeb(Object(Config\Paths))
ERROR - 2024-10-01 11:03:16 --> mysqli_sql_exception: Column 'nama' cannot be null in /Users/itdevaws/Sites/localhost/newtemp/vendor/codeigniter4/framework/system/Database/MySQLi/Connection.php:312
Stack trace:
#0 /Users/itdevaws/Sites/localhost/newtemp/vendor/codeigniter4/framework/system/Database/MySQLi/Connection.php(312): mysqli->query('INSERT INTO `tb...', 0)
#1 /Users/itdevaws/Sites/localhost/newtemp/vendor/codeigniter4/framework/system/Database/BaseConnection.php(734): CodeIgniter\Database\MySQLi\Connection->execute('INSERT INTO `tb...')
#2 /Users/itdevaws/Sites/localhost/newtemp/vendor/codeigniter4/framework/system/Database/BaseConnection.php(648): CodeIgniter\Database\BaseConnection->simpleQuery('INSERT INTO `tb...')
#3 /Users/itdevaws/Sites/localhost/newtemp/vendor/codeigniter4/framework/system/Database/BaseBuilder.php(2340): CodeIgniter\Database\BaseConnection->query('INSERT INTO `tb...', Array, false)
#4 /Users/itdevaws/Sites/localhost/newtemp/vendor/codeigniter4/framework/system/Model.php(394): CodeIgniter\Database\BaseBuilder->insert()
#5 /Users/itdevaws/Sites/localhost/newtemp/vendor/codeigniter4/framework/system/BaseModel.php(840): CodeIgniter\Model->doInsert(Array)
#6 /Users/itdevaws/Sites/localhost/newtemp/vendor/codeigniter4/framework/system/Model.php(802): CodeIgniter\BaseModel->insert(Array, false)
#7 /Users/itdevaws/Sites/localhost/newtemp/vendor/codeigniter4/framework/system/BaseModel.php(751): CodeIgniter\Model->insert(Array, false)
#8 /Users/itdevaws/Sites/localhost/newtemp/app/Controllers/Auth/AuthController.php(232): CodeIgniter\BaseModel->save(Array)
#9 /Users/itdevaws/Sites/localhost/newtemp/vendor/codeigniter4/framework/system/CodeIgniter.php(933): App\Controllers\Auth\AuthController->prosesDaftar()
#10 /Users/itdevaws/Sites/localhost/newtemp/vendor/codeigniter4/framework/system/CodeIgniter.php(509): CodeIgniter\CodeIgniter->runController(Object(App\Controllers\Auth\AuthController))
#11 /Users/itdevaws/Sites/localhost/newtemp/vendor/codeigniter4/framework/system/CodeIgniter.php(355): CodeIgniter\CodeIgniter->handleRequest(NULL, Object(Config\Cache), false)
#12 /Users/itdevaws/Sites/localhost/newtemp/vendor/codeigniter4/framework/system/Boot.php(325): CodeIgniter\CodeIgniter->run()
#13 /Users/itdevaws/Sites/localhost/newtemp/vendor/codeigniter4/framework/system/Boot.php(67): CodeIgniter\Boot::runCodeIgniter(Object(CodeIgniter\CodeIgniter))
#14 /Users/itdevaws/Sites/localhost/newtemp/index.php(56): CodeIgniter\Boot::bootWeb(Object(Config\Paths))
#15 {main}
CRITICAL - 2024-10-01 11:03:16 --> CodeIgniter\Database\Exceptions\DatabaseException: Column 'nama' cannot be null
[Method: POST, Route: proses-daftar]
in SYSTEMPATH/Database/BaseConnection.php on line 688.
 1 SYSTEMPATH/Database/BaseBuilder.php(2340): CodeIgniter\Database\BaseConnection->query('INSERT INTO `tb_user` (`nama`, `email`, `username`, `password`, `sts_aktif`) VALUES (:nama:, :email:, :username:, :password:, :sts_aktif:)', [...], false)
 2 SYSTEMPATH/Model.php(394): CodeIgniter\Database\BaseBuilder->insert()
 3 SYSTEMPATH/BaseModel.php(840): CodeIgniter\Model->doInsert([...])
 4 SYSTEMPATH/Model.php(802): CodeIgniter\BaseModel->insert([...], false)
 5 SYSTEMPATH/BaseModel.php(751): CodeIgniter\Model->insert([...], false)
 6 APPPATH/Controllers/Auth/AuthController.php(232): CodeIgniter\BaseModel->save([...])
 7 SYSTEMPATH/CodeIgniter.php(933): App\Controllers\Auth\AuthController->prosesDaftar()
 8 SYSTEMPATH/CodeIgniter.php(509): CodeIgniter\CodeIgniter->runController(Object(App\Controllers\Auth\AuthController))
 9 SYSTEMPATH/CodeIgniter.php(355): CodeIgniter\CodeIgniter->handleRequest(null, Object(Config\Cache), false)
10 SYSTEMPATH/Boot.php(325): CodeIgniter\CodeIgniter->run()
11 SYSTEMPATH/Boot.php(67): CodeIgniter\Boot::runCodeIgniter(Object(CodeIgniter\CodeIgniter))
12 FCPATH/index.php(56): CodeIgniter\Boot::bootWeb(Object(Config\Paths))
CRITICAL - 2024-10-01 11:03:16 --> [Caused by] CodeIgniter\Database\Exceptions\DatabaseException: Column 'nama' cannot be null
in SYSTEMPATH/Database/MySQLi/Connection.php on line 317.
 1 SYSTEMPATH/Database/BaseConnection.php(734): CodeIgniter\Database\MySQLi\Connection->execute('INSERT INTO `tb_user` (`nama`, `email`, `username`, `password`, `sts_aktif`) VALUES (NULL, NULL, \'\', \'$2y$10$S3cVLcthu1zS7QsPQc0s3.uekFj93lNr.aprhNh/J1L0/HpdKgNPy\', \'Y\')')
 2 SYSTEMPATH/Database/BaseConnection.php(648): CodeIgniter\Database\BaseConnection->simpleQuery('INSERT INTO `tb_user` (`nama`, `email`, `username`, `password`, `sts_aktif`) VALUES (NULL, NULL, \'\', \'$2y$10$S3cVLcthu1zS7QsPQc0s3.uekFj93lNr.aprhNh/J1L0/HpdKgNPy\', \'Y\')')
 3 SYSTEMPATH/Database/BaseBuilder.php(2340): CodeIgniter\Database\BaseConnection->query('INSERT INTO `tb_user` (`nama`, `email`, `username`, `password`, `sts_aktif`) VALUES (:nama:, :email:, :username:, :password:, :sts_aktif:)', [...], false)
 4 SYSTEMPATH/Model.php(394): CodeIgniter\Database\BaseBuilder->insert()
 5 SYSTEMPATH/BaseModel.php(840): CodeIgniter\Model->doInsert([...])
 6 SYSTEMPATH/Model.php(802): CodeIgniter\BaseModel->insert([...], false)
 7 SYSTEMPATH/BaseModel.php(751): CodeIgniter\Model->insert([...], false)
 8 APPPATH/Controllers/Auth/AuthController.php(232): CodeIgniter\BaseModel->save([...])
 9 SYSTEMPATH/CodeIgniter.php(933): App\Controllers\Auth\AuthController->prosesDaftar()
10 SYSTEMPATH/CodeIgniter.php(509): CodeIgniter\CodeIgniter->runController(Object(App\Controllers\Auth\AuthController))
11 SYSTEMPATH/CodeIgniter.php(355): CodeIgniter\CodeIgniter->handleRequest(null, Object(Config\Cache), false)
12 SYSTEMPATH/Boot.php(325): CodeIgniter\CodeIgniter->run()
13 SYSTEMPATH/Boot.php(67): CodeIgniter\Boot::runCodeIgniter(Object(CodeIgniter\CodeIgniter))
14 FCPATH/index.php(56): CodeIgniter\Boot::bootWeb(Object(Config\Paths))
CRITICAL - 2024-10-01 11:03:16 --> [Caused by] mysqli_sql_exception: Column 'nama' cannot be null
in SYSTEMPATH/Database/MySQLi/Connection.php on line 312.
 1 SYSTEMPATH/Database/MySQLi/Connection.php(312): mysqli->query('INSERT INTO `tb_user` (`nama`, `email`, `username`, `password`, `sts_aktif`) VALUES (NULL, NULL, \'\', \'$2y$10$S3cVLcthu1zS7QsPQc0s3.uekFj93lNr.aprhNh/J1L0/HpdKgNPy\', \'Y\')', 0)
 2 SYSTEMPATH/Database/BaseConnection.php(734): CodeIgniter\Database\MySQLi\Connection->execute('INSERT INTO `tb_user` (`nama`, `email`, `username`, `password`, `sts_aktif`) VALUES (NULL, NULL, \'\', \'$2y$10$S3cVLcthu1zS7QsPQc0s3.uekFj93lNr.aprhNh/J1L0/HpdKgNPy\', \'Y\')')
 3 SYSTEMPATH/Database/BaseConnection.php(648): CodeIgniter\Database\BaseConnection->simpleQuery('INSERT INTO `tb_user` (`nama`, `email`, `username`, `password`, `sts_aktif`) VALUES (NULL, NULL, \'\', \'$2y$10$S3cVLcthu1zS7QsPQc0s3.uekFj93lNr.aprhNh/J1L0/HpdKgNPy\', \'Y\')')
 4 SYSTEMPATH/Database/BaseBuilder.php(2340): CodeIgniter\Database\BaseConnection->query('INSERT INTO `tb_user` (`nama`, `email`, `username`, `password`, `sts_aktif`) VALUES (:nama:, :email:, :username:, :password:, :sts_aktif:)', [...], false)
 5 SYSTEMPATH/Model.php(394): CodeIgniter\Database\BaseBuilder->insert()
 6 SYSTEMPATH/BaseModel.php(840): CodeIgniter\Model->doInsert([...])
 7 SYSTEMPATH/Model.php(802): CodeIgniter\BaseModel->insert([...], false)
 8 SYSTEMPATH/BaseModel.php(751): CodeIgniter\Model->insert([...], false)
 9 APPPATH/Controllers/Auth/AuthController.php(232): CodeIgniter\BaseModel->save([...])
10 SYSTEMPATH/CodeIgniter.php(933): App\Controllers\Auth\AuthController->prosesDaftar()
11 SYSTEMPATH/CodeIgniter.php(509): CodeIgniter\CodeIgniter->runController(Object(App\Controllers\Auth\AuthController))
12 SYSTEMPATH/CodeIgniter.php(355): CodeIgniter\CodeIgniter->handleRequest(null, Object(Config\Cache), false)
13 SYSTEMPATH/Boot.php(325): CodeIgniter\CodeIgniter->run()
14 SYSTEMPATH/Boot.php(67): CodeIgniter\Boot::runCodeIgniter(Object(CodeIgniter\CodeIgniter))
15 FCPATH/index.php(56): CodeIgniter\Boot::bootWeb(Object(Config\Paths))
ERROR - 2024-10-01 11:03:17 --> mysqli_sql_exception: Column 'nama' cannot be null in /Users/itdevaws/Sites/localhost/newtemp/vendor/codeigniter4/framework/system/Database/MySQLi/Connection.php:312
Stack trace:
#0 /Users/itdevaws/Sites/localhost/newtemp/vendor/codeigniter4/framework/system/Database/MySQLi/Connection.php(312): mysqli->query('INSERT INTO `tb...', 0)
#1 /Users/itdevaws/Sites/localhost/newtemp/vendor/codeigniter4/framework/system/Database/BaseConnection.php(734): CodeIgniter\Database\MySQLi\Connection->execute('INSERT INTO `tb...')
#2 /Users/itdevaws/Sites/localhost/newtemp/vendor/codeigniter4/framework/system/Database/BaseConnection.php(648): CodeIgniter\Database\BaseConnection->simpleQuery('INSERT INTO `tb...')
#3 /Users/itdevaws/Sites/localhost/newtemp/vendor/codeigniter4/framework/system/Database/BaseBuilder.php(2340): CodeIgniter\Database\BaseConnection->query('INSERT INTO `tb...', Array, false)
#4 /Users/itdevaws/Sites/localhost/newtemp/vendor/codeigniter4/framework/system/Model.php(394): CodeIgniter\Database\BaseBuilder->insert()
#5 /Users/itdevaws/Sites/localhost/newtemp/vendor/codeigniter4/framework/system/BaseModel.php(840): CodeIgniter\Model->doInsert(Array)
#6 /Users/itdevaws/Sites/localhost/newtemp/vendor/codeigniter4/framework/system/Model.php(802): CodeIgniter\BaseModel->insert(Array, false)
#7 /Users/itdevaws/Sites/localhost/newtemp/vendor/codeigniter4/framework/system/BaseModel.php(751): CodeIgniter\Model->insert(Array, false)
#8 /Users/itdevaws/Sites/localhost/newtemp/app/Controllers/Auth/AuthController.php(232): CodeIgniter\BaseModel->save(Array)
#9 /Users/itdevaws/Sites/localhost/newtemp/vendor/codeigniter4/framework/system/CodeIgniter.php(933): App\Controllers\Auth\AuthController->prosesDaftar()
#10 /Users/itdevaws/Sites/localhost/newtemp/vendor/codeigniter4/framework/system/CodeIgniter.php(509): CodeIgniter\CodeIgniter->runController(Object(App\Controllers\Auth\AuthController))
#11 /Users/itdevaws/Sites/localhost/newtemp/vendor/codeigniter4/framework/system/CodeIgniter.php(355): CodeIgniter\CodeIgniter->handleRequest(NULL, Object(Config\Cache), false)
#12 /Users/itdevaws/Sites/localhost/newtemp/vendor/codeigniter4/framework/system/Boot.php(325): CodeIgniter\CodeIgniter->run()
#13 /Users/itdevaws/Sites/localhost/newtemp/vendor/codeigniter4/framework/system/Boot.php(67): CodeIgniter\Boot::runCodeIgniter(Object(CodeIgniter\CodeIgniter))
#14 /Users/itdevaws/Sites/localhost/newtemp/index.php(56): CodeIgniter\Boot::bootWeb(Object(Config\Paths))
#15 {main}
CRITICAL - 2024-10-01 11:03:17 --> CodeIgniter\Database\Exceptions\DatabaseException: Column 'nama' cannot be null
[Method: POST, Route: proses-daftar]
in SYSTEMPATH/Database/BaseConnection.php on line 688.
 1 SYSTEMPATH/Database/BaseBuilder.php(2340): CodeIgniter\Database\BaseConnection->query('INSERT INTO `tb_user` (`nama`, `email`, `username`, `password`, `sts_aktif`) VALUES (:nama:, :email:, :username:, :password:, :sts_aktif:)', [...], false)
 2 SYSTEMPATH/Model.php(394): CodeIgniter\Database\BaseBuilder->insert()
 3 SYSTEMPATH/BaseModel.php(840): CodeIgniter\Model->doInsert([...])
 4 SYSTEMPATH/Model.php(802): CodeIgniter\BaseModel->insert([...], false)
 5 SYSTEMPATH/BaseModel.php(751): CodeIgniter\Model->insert([...], false)
 6 APPPATH/Controllers/Auth/AuthController.php(232): CodeIgniter\BaseModel->save([...])
 7 SYSTEMPATH/CodeIgniter.php(933): App\Controllers\Auth\AuthController->prosesDaftar()
 8 SYSTEMPATH/CodeIgniter.php(509): CodeIgniter\CodeIgniter->runController(Object(App\Controllers\Auth\AuthController))
 9 SYSTEMPATH/CodeIgniter.php(355): CodeIgniter\CodeIgniter->handleRequest(null, Object(Config\Cache), false)
10 SYSTEMPATH/Boot.php(325): CodeIgniter\CodeIgniter->run()
11 SYSTEMPATH/Boot.php(67): CodeIgniter\Boot::runCodeIgniter(Object(CodeIgniter\CodeIgniter))
12 FCPATH/index.php(56): CodeIgniter\Boot::bootWeb(Object(Config\Paths))
CRITICAL - 2024-10-01 11:03:17 --> [Caused by] CodeIgniter\Database\Exceptions\DatabaseException: Column 'nama' cannot be null
in SYSTEMPATH/Database/MySQLi/Connection.php on line 317.
 1 SYSTEMPATH/Database/BaseConnection.php(734): CodeIgniter\Database\MySQLi\Connection->execute('INSERT INTO `tb_user` (`nama`, `email`, `username`, `password`, `sts_aktif`) VALUES (NULL, NULL, \'\', \'$2y$10$lgHNYtZy/5/r831/ebfmkuXQsR12VsUgoIEToMyfKWY1VV8sXMOEK\', \'Y\')')
 2 SYSTEMPATH/Database/BaseConnection.php(648): CodeIgniter\Database\BaseConnection->simpleQuery('INSERT INTO `tb_user` (`nama`, `email`, `username`, `password`, `sts_aktif`) VALUES (NULL, NULL, \'\', \'$2y$10$lgHNYtZy/5/r831/ebfmkuXQsR12VsUgoIEToMyfKWY1VV8sXMOEK\', \'Y\')')
 3 SYSTEMPATH/Database/BaseBuilder.php(2340): CodeIgniter\Database\BaseConnection->query('INSERT INTO `tb_user` (`nama`, `email`, `username`, `password`, `sts_aktif`) VALUES (:nama:, :email:, :username:, :password:, :sts_aktif:)', [...], false)
 4 SYSTEMPATH/Model.php(394): CodeIgniter\Database\BaseBuilder->insert()
 5 SYSTEMPATH/BaseModel.php(840): CodeIgniter\Model->doInsert([...])
 6 SYSTEMPATH/Model.php(802): CodeIgniter\BaseModel->insert([...], false)
 7 SYSTEMPATH/BaseModel.php(751): CodeIgniter\Model->insert([...], false)
 8 APPPATH/Controllers/Auth/AuthController.php(232): CodeIgniter\BaseModel->save([...])
 9 SYSTEMPATH/CodeIgniter.php(933): App\Controllers\Auth\AuthController->prosesDaftar()
10 SYSTEMPATH/CodeIgniter.php(509): CodeIgniter\CodeIgniter->runController(Object(App\Controllers\Auth\AuthController))
11 SYSTEMPATH/CodeIgniter.php(355): CodeIgniter\CodeIgniter->handleRequest(null, Object(Config\Cache), false)
12 SYSTEMPATH/Boot.php(325): CodeIgniter\CodeIgniter->run()
13 SYSTEMPATH/Boot.php(67): CodeIgniter\Boot::runCodeIgniter(Object(CodeIgniter\CodeIgniter))
14 FCPATH/index.php(56): CodeIgniter\Boot::bootWeb(Object(Config\Paths))
CRITICAL - 2024-10-01 11:03:17 --> [Caused by] mysqli_sql_exception: Column 'nama' cannot be null
in SYSTEMPATH/Database/MySQLi/Connection.php on line 312.
 1 SYSTEMPATH/Database/MySQLi/Connection.php(312): mysqli->query('INSERT INTO `tb_user` (`nama`, `email`, `username`, `password`, `sts_aktif`) VALUES (NULL, NULL, \'\', \'$2y$10$lgHNYtZy/5/r831/ebfmkuXQsR12VsUgoIEToMyfKWY1VV8sXMOEK\', \'Y\')', 0)
 2 SYSTEMPATH/Database/BaseConnection.php(734): CodeIgniter\Database\MySQLi\Connection->execute('INSERT INTO `tb_user` (`nama`, `email`, `username`, `password`, `sts_aktif`) VALUES (NULL, NULL, \'\', \'$2y$10$lgHNYtZy/5/r831/ebfmkuXQsR12VsUgoIEToMyfKWY1VV8sXMOEK\', \'Y\')')
 3 SYSTEMPATH/Database/BaseConnection.php(648): CodeIgniter\Database\BaseConnection->simpleQuery('INSERT INTO `tb_user` (`nama`, `email`, `username`, `password`, `sts_aktif`) VALUES (NULL, NULL, \'\', \'$2y$10$lgHNYtZy/5/r831/ebfmkuXQsR12VsUgoIEToMyfKWY1VV8sXMOEK\', \'Y\')')
 4 SYSTEMPATH/Database/BaseBuilder.php(2340): CodeIgniter\Database\BaseConnection->query('INSERT INTO `tb_user` (`nama`, `email`, `username`, `password`, `sts_aktif`) VALUES (:nama:, :email:, :username:, :password:, :sts_aktif:)', [...], false)
 5 SYSTEMPATH/Model.php(394): CodeIgniter\Database\BaseBuilder->insert()
 6 SYSTEMPATH/BaseModel.php(840): CodeIgniter\Model->doInsert([...])
 7 SYSTEMPATH/Model.php(802): CodeIgniter\BaseModel->insert([...], false)
 8 SYSTEMPATH/BaseModel.php(751): CodeIgniter\Model->insert([...], false)
 9 APPPATH/Controllers/Auth/AuthController.php(232): CodeIgniter\BaseModel->save([...])
10 SYSTEMPATH/CodeIgniter.php(933): App\Controllers\Auth\AuthController->prosesDaftar()
11 SYSTEMPATH/CodeIgniter.php(509): CodeIgniter\CodeIgniter->runController(Object(App\Controllers\Auth\AuthController))
12 SYSTEMPATH/CodeIgniter.php(355): CodeIgniter\CodeIgniter->handleRequest(null, Object(Config\Cache), false)
13 SYSTEMPATH/Boot.php(325): CodeIgniter\CodeIgniter->run()
14 SYSTEMPATH/Boot.php(67): CodeIgniter\Boot::runCodeIgniter(Object(CodeIgniter\CodeIgniter))
15 FCPATH/index.php(56): CodeIgniter\Boot::bootWeb(Object(Config\Paths))
ERROR - 2024-10-01 12:13:27 --> mysqli_sql_exception: Column 'nama' cannot be null in /Users/itdevaws/Sites/localhost/newtemp/vendor/codeigniter4/framework/system/Database/MySQLi/Connection.php:312
Stack trace:
#0 /Users/itdevaws/Sites/localhost/newtemp/vendor/codeigniter4/framework/system/Database/MySQLi/Connection.php(312): mysqli->query('INSERT INTO `tb...', 0)
#1 /Users/itdevaws/Sites/localhost/newtemp/vendor/codeigniter4/framework/system/Database/BaseConnection.php(734): CodeIgniter\Database\MySQLi\Connection->execute('INSERT INTO `tb...')
#2 /Users/itdevaws/Sites/localhost/newtemp/vendor/codeigniter4/framework/system/Database/BaseConnection.php(648): CodeIgniter\Database\BaseConnection->simpleQuery('INSERT INTO `tb...')
#3 /Users/itdevaws/Sites/localhost/newtemp/vendor/codeigniter4/framework/system/Database/BaseBuilder.php(2340): CodeIgniter\Database\BaseConnection->query('INSERT INTO `tb...', Array, false)
#4 /Users/itdevaws/Sites/localhost/newtemp/vendor/codeigniter4/framework/system/Model.php(394): CodeIgniter\Database\BaseBuilder->insert()
#5 /Users/itdevaws/Sites/localhost/newtemp/vendor/codeigniter4/framework/system/BaseModel.php(840): CodeIgniter\Model->doInsert(Array)
#6 /Users/itdevaws/Sites/localhost/newtemp/vendor/codeigniter4/framework/system/Model.php(802): CodeIgniter\BaseModel->insert(Array, false)
#7 /Users/itdevaws/Sites/localhost/newtemp/vendor/codeigniter4/framework/system/BaseModel.php(751): CodeIgniter\Model->insert(Array, false)
#8 /Users/itdevaws/Sites/localhost/newtemp/app/Controllers/Auth/AuthController.php(232): CodeIgniter\BaseModel->save(Array)
#9 /Users/itdevaws/Sites/localhost/newtemp/vendor/codeigniter4/framework/system/CodeIgniter.php(933): App\Controllers\Auth\AuthController->prosesDaftar()
#10 /Users/itdevaws/Sites/localhost/newtemp/vendor/codeigniter4/framework/system/CodeIgniter.php(509): CodeIgniter\CodeIgniter->runController(Object(App\Controllers\Auth\AuthController))
#11 /Users/itdevaws/Sites/localhost/newtemp/vendor/codeigniter4/framework/system/CodeIgniter.php(355): CodeIgniter\CodeIgniter->handleRequest(NULL, Object(Config\Cache), false)
#12 /Users/itdevaws/Sites/localhost/newtemp/vendor/codeigniter4/framework/system/Boot.php(325): CodeIgniter\CodeIgniter->run()
#13 /Users/itdevaws/Sites/localhost/newtemp/vendor/codeigniter4/framework/system/Boot.php(67): CodeIgniter\Boot::runCodeIgniter(Object(CodeIgniter\CodeIgniter))
#14 /Users/itdevaws/Sites/localhost/newtemp/index.php(56): CodeIgniter\Boot::bootWeb(Object(Config\Paths))
#15 {main}
CRITICAL - 2024-10-01 12:13:27 --> CodeIgniter\Database\Exceptions\DatabaseException: Column 'nama' cannot be null
[Method: POST, Route: proses-daftar]
in SYSTEMPATH/Database/BaseConnection.php on line 688.
 1 SYSTEMPATH/Database/BaseBuilder.php(2340): CodeIgniter\Database\BaseConnection->query('INSERT INTO `tb_user` (`nama`, `email`, `username`, `password`, `sts_aktif`) VALUES (:nama:, :email:, :username:, :password:, :sts_aktif:)', [...], false)
 2 SYSTEMPATH/Model.php(394): CodeIgniter\Database\BaseBuilder->insert()
 3 SYSTEMPATH/BaseModel.php(840): CodeIgniter\Model->doInsert([...])
 4 SYSTEMPATH/Model.php(802): CodeIgniter\BaseModel->insert([...], false)
 5 SYSTEMPATH/BaseModel.php(751): CodeIgniter\Model->insert([...], false)
 6 APPPATH/Controllers/Auth/AuthController.php(232): CodeIgniter\BaseModel->save([...])
 7 SYSTEMPATH/CodeIgniter.php(933): App\Controllers\Auth\AuthController->prosesDaftar()
 8 SYSTEMPATH/CodeIgniter.php(509): CodeIgniter\CodeIgniter->runController(Object(App\Controllers\Auth\AuthController))
 9 SYSTEMPATH/CodeIgniter.php(355): CodeIgniter\CodeIgniter->handleRequest(null, Object(Config\Cache), false)
10 SYSTEMPATH/Boot.php(325): CodeIgniter\CodeIgniter->run()
11 SYSTEMPATH/Boot.php(67): CodeIgniter\Boot::runCodeIgniter(Object(CodeIgniter\CodeIgniter))
12 FCPATH/index.php(56): CodeIgniter\Boot::bootWeb(Object(Config\Paths))
CRITICAL - 2024-10-01 12:13:27 --> [Caused by] CodeIgniter\Database\Exceptions\DatabaseException: Column 'nama' cannot be null
in SYSTEMPATH/Database/MySQLi/Connection.php on line 317.
 1 SYSTEMPATH/Database/BaseConnection.php(734): CodeIgniter\Database\MySQLi\Connection->execute('INSERT INTO `tb_user` (`nama`, `email`, `username`, `password`, `sts_aktif`) VALUES (NULL, NULL, \'\', \'$2y$10$jJ8t/UNuG34h12e/NGpPheWaXm9WvLZupXcO3mpn0m9e5XnOAkUsO\', \'Y\')')
 2 SYSTEMPATH/Database/BaseConnection.php(648): CodeIgniter\Database\BaseConnection->simpleQuery('INSERT INTO `tb_user` (`nama`, `email`, `username`, `password`, `sts_aktif`) VALUES (NULL, NULL, \'\', \'$2y$10$jJ8t/UNuG34h12e/NGpPheWaXm9WvLZupXcO3mpn0m9e5XnOAkUsO\', \'Y\')')
 3 SYSTEMPATH/Database/BaseBuilder.php(2340): CodeIgniter\Database\BaseConnection->query('INSERT INTO `tb_user` (`nama`, `email`, `username`, `password`, `sts_aktif`) VALUES (:nama:, :email:, :username:, :password:, :sts_aktif:)', [...], false)
 4 SYSTEMPATH/Model.php(394): CodeIgniter\Database\BaseBuilder->insert()
 5 SYSTEMPATH/BaseModel.php(840): CodeIgniter\Model->doInsert([...])
 6 SYSTEMPATH/Model.php(802): CodeIgniter\BaseModel->insert([...], false)
 7 SYSTEMPATH/BaseModel.php(751): CodeIgniter\Model->insert([...], false)
 8 APPPATH/Controllers/Auth/AuthController.php(232): CodeIgniter\BaseModel->save([...])
 9 SYSTEMPATH/CodeIgniter.php(933): App\Controllers\Auth\AuthController->prosesDaftar()
10 SYSTEMPATH/CodeIgniter.php(509): CodeIgniter\CodeIgniter->runController(Object(App\Controllers\Auth\AuthController))
11 SYSTEMPATH/CodeIgniter.php(355): CodeIgniter\CodeIgniter->handleRequest(null, Object(Config\Cache), false)
12 SYSTEMPATH/Boot.php(325): CodeIgniter\CodeIgniter->run()
13 SYSTEMPATH/Boot.php(67): CodeIgniter\Boot::runCodeIgniter(Object(CodeIgniter\CodeIgniter))
14 FCPATH/index.php(56): CodeIgniter\Boot::bootWeb(Object(Config\Paths))
CRITICAL - 2024-10-01 12:13:27 --> [Caused by] mysqli_sql_exception: Column 'nama' cannot be null
in SYSTEMPATH/Database/MySQLi/Connection.php on line 312.
 1 SYSTEMPATH/Database/MySQLi/Connection.php(312): mysqli->query('INSERT INTO `tb_user` (`nama`, `email`, `username`, `password`, `sts_aktif`) VALUES (NULL, NULL, \'\', \'$2y$10$jJ8t/UNuG34h12e/NGpPheWaXm9WvLZupXcO3mpn0m9e5XnOAkUsO\', \'Y\')', 0)
 2 SYSTEMPATH/Database/BaseConnection.php(734): CodeIgniter\Database\MySQLi\Connection->execute('INSERT INTO `tb_user` (`nama`, `email`, `username`, `password`, `sts_aktif`) VALUES (NULL, NULL, \'\', \'$2y$10$jJ8t/UNuG34h12e/NGpPheWaXm9WvLZupXcO3mpn0m9e5XnOAkUsO\', \'Y\')')
 3 SYSTEMPATH/Database/BaseConnection.php(648): CodeIgniter\Database\BaseConnection->simpleQuery('INSERT INTO `tb_user` (`nama`, `email`, `username`, `password`, `sts_aktif`) VALUES (NULL, NULL, \'\', \'$2y$10$jJ8t/UNuG34h12e/NGpPheWaXm9WvLZupXcO3mpn0m9e5XnOAkUsO\', \'Y\')')
 4 SYSTEMPATH/Database/BaseBuilder.php(2340): CodeIgniter\Database\BaseConnection->query('INSERT INTO `tb_user` (`nama`, `email`, `username`, `password`, `sts_aktif`) VALUES (:nama:, :email:, :username:, :password:, :sts_aktif:)', [...], false)
 5 SYSTEMPATH/Model.php(394): CodeIgniter\Database\BaseBuilder->insert()
 6 SYSTEMPATH/BaseModel.php(840): CodeIgniter\Model->doInsert([...])
 7 SYSTEMPATH/Model.php(802): CodeIgniter\BaseModel->insert([...], false)
 8 SYSTEMPATH/BaseModel.php(751): CodeIgniter\Model->insert([...], false)
 9 APPPATH/Controllers/Auth/AuthController.php(232): CodeIgniter\BaseModel->save([...])
10 SYSTEMPATH/CodeIgniter.php(933): App\Controllers\Auth\AuthController->prosesDaftar()
11 SYSTEMPATH/CodeIgniter.php(509): CodeIgniter\CodeIgniter->runController(Object(App\Controllers\Auth\AuthController))
12 SYSTEMPATH/CodeIgniter.php(355): CodeIgniter\CodeIgniter->handleRequest(null, Object(Config\Cache), false)
13 SYSTEMPATH/Boot.php(325): CodeIgniter\CodeIgniter->run()
14 SYSTEMPATH/Boot.php(67): CodeIgniter\Boot::runCodeIgniter(Object(CodeIgniter\CodeIgniter))
15 FCPATH/index.php(56): CodeIgniter\Boot::bootWeb(Object(Config\Paths))
ERROR - 2024-10-01 12:13:28 --> mysqli_sql_exception: Column 'nama' cannot be null in /Users/itdevaws/Sites/localhost/newtemp/vendor/codeigniter4/framework/system/Database/MySQLi/Connection.php:312
Stack trace:
#0 /Users/itdevaws/Sites/localhost/newtemp/vendor/codeigniter4/framework/system/Database/MySQLi/Connection.php(312): mysqli->query('INSERT INTO `tb...', 0)
#1 /Users/itdevaws/Sites/localhost/newtemp/vendor/codeigniter4/framework/system/Database/BaseConnection.php(734): CodeIgniter\Database\MySQLi\Connection->execute('INSERT INTO `tb...')
#2 /Users/itdevaws/Sites/localhost/newtemp/vendor/codeigniter4/framework/system/Database/BaseConnection.php(648): CodeIgniter\Database\BaseConnection->simpleQuery('INSERT INTO `tb...')
#3 /Users/itdevaws/Sites/localhost/newtemp/vendor/codeigniter4/framework/system/Database/BaseBuilder.php(2340): CodeIgniter\Database\BaseConnection->query('INSERT INTO `tb...', Array, false)
#4 /Users/itdevaws/Sites/localhost/newtemp/vendor/codeigniter4/framework/system/Model.php(394): CodeIgniter\Database\BaseBuilder->insert()
#5 /Users/itdevaws/Sites/localhost/newtemp/vendor/codeigniter4/framework/system/BaseModel.php(840): CodeIgniter\Model->doInsert(Array)
#6 /Users/itdevaws/Sites/localhost/newtemp/vendor/codeigniter4/framework/system/Model.php(802): CodeIgniter\BaseModel->insert(Array, false)
#7 /Users/itdevaws/Sites/localhost/newtemp/vendor/codeigniter4/framework/system/BaseModel.php(751): CodeIgniter\Model->insert(Array, false)
#8 /Users/itdevaws/Sites/localhost/newtemp/app/Controllers/Auth/AuthController.php(232): CodeIgniter\BaseModel->save(Array)
#9 /Users/itdevaws/Sites/localhost/newtemp/vendor/codeigniter4/framework/system/CodeIgniter.php(933): App\Controllers\Auth\AuthController->prosesDaftar()
#10 /Users/itdevaws/Sites/localhost/newtemp/vendor/codeigniter4/framework/system/CodeIgniter.php(509): CodeIgniter\CodeIgniter->runController(Object(App\Controllers\Auth\AuthController))
#11 /Users/itdevaws/Sites/localhost/newtemp/vendor/codeigniter4/framework/system/CodeIgniter.php(355): CodeIgniter\CodeIgniter->handleRequest(NULL, Object(Config\Cache), false)
#12 /Users/itdevaws/Sites/localhost/newtemp/vendor/codeigniter4/framework/system/Boot.php(325): CodeIgniter\CodeIgniter->run()
#13 /Users/itdevaws/Sites/localhost/newtemp/vendor/codeigniter4/framework/system/Boot.php(67): CodeIgniter\Boot::runCodeIgniter(Object(CodeIgniter\CodeIgniter))
#14 /Users/itdevaws/Sites/localhost/newtemp/index.php(56): CodeIgniter\Boot::bootWeb(Object(Config\Paths))
#15 {main}
CRITICAL - 2024-10-01 12:13:28 --> CodeIgniter\Database\Exceptions\DatabaseException: Column 'nama' cannot be null
[Method: POST, Route: proses-daftar]
in SYSTEMPATH/Database/BaseConnection.php on line 688.
 1 SYSTEMPATH/Database/BaseBuilder.php(2340): CodeIgniter\Database\BaseConnection->query('INSERT INTO `tb_user` (`nama`, `email`, `username`, `password`, `sts_aktif`) VALUES (:nama:, :email:, :username:, :password:, :sts_aktif:)', [...], false)
 2 SYSTEMPATH/Model.php(394): CodeIgniter\Database\BaseBuilder->insert()
 3 SYSTEMPATH/BaseModel.php(840): CodeIgniter\Model->doInsert([...])
 4 SYSTEMPATH/Model.php(802): CodeIgniter\BaseModel->insert([...], false)
 5 SYSTEMPATH/BaseModel.php(751): CodeIgniter\Model->insert([...], false)
 6 APPPATH/Controllers/Auth/AuthController.php(232): CodeIgniter\BaseModel->save([...])
 7 SYSTEMPATH/CodeIgniter.php(933): App\Controllers\Auth\AuthController->prosesDaftar()
 8 SYSTEMPATH/CodeIgniter.php(509): CodeIgniter\CodeIgniter->runController(Object(App\Controllers\Auth\AuthController))
 9 SYSTEMPATH/CodeIgniter.php(355): CodeIgniter\CodeIgniter->handleRequest(null, Object(Config\Cache), false)
10 SYSTEMPATH/Boot.php(325): CodeIgniter\CodeIgniter->run()
11 SYSTEMPATH/Boot.php(67): CodeIgniter\Boot::runCodeIgniter(Object(CodeIgniter\CodeIgniter))
12 FCPATH/index.php(56): CodeIgniter\Boot::bootWeb(Object(Config\Paths))
CRITICAL - 2024-10-01 12:13:28 --> [Caused by] CodeIgniter\Database\Exceptions\DatabaseException: Column 'nama' cannot be null
in SYSTEMPATH/Database/MySQLi/Connection.php on line 317.
 1 SYSTEMPATH/Database/BaseConnection.php(734): CodeIgniter\Database\MySQLi\Connection->execute('INSERT INTO `tb_user` (`nama`, `email`, `username`, `password`, `sts_aktif`) VALUES (NULL, NULL, \'\', \'$2y$10$KHWRrfQXKQphXjahicgjuuRekTfaHiQU33alTuLnpOqAaoE/akJye\', \'Y\')')
 2 SYSTEMPATH/Database/BaseConnection.php(648): CodeIgniter\Database\BaseConnection->simpleQuery('INSERT INTO `tb_user` (`nama`, `email`, `username`, `password`, `sts_aktif`) VALUES (NULL, NULL, \'\', \'$2y$10$KHWRrfQXKQphXjahicgjuuRekTfaHiQU33alTuLnpOqAaoE/akJye\', \'Y\')')
 3 SYSTEMPATH/Database/BaseBuilder.php(2340): CodeIgniter\Database\BaseConnection->query('INSERT INTO `tb_user` (`nama`, `email`, `username`, `password`, `sts_aktif`) VALUES (:nama:, :email:, :username:, :password:, :sts_aktif:)', [...], false)
 4 SYSTEMPATH/Model.php(394): CodeIgniter\Database\BaseBuilder->insert()
 5 SYSTEMPATH/BaseModel.php(840): CodeIgniter\Model->doInsert([...])
 6 SYSTEMPATH/Model.php(802): CodeIgniter\BaseModel->insert([...], false)
 7 SYSTEMPATH/BaseModel.php(751): CodeIgniter\Model->insert([...], false)
 8 APPPATH/Controllers/Auth/AuthController.php(232): CodeIgniter\BaseModel->save([...])
 9 SYSTEMPATH/CodeIgniter.php(933): App\Controllers\Auth\AuthController->prosesDaftar()
10 SYSTEMPATH/CodeIgniter.php(509): CodeIgniter\CodeIgniter->runController(Object(App\Controllers\Auth\AuthController))
11 SYSTEMPATH/CodeIgniter.php(355): CodeIgniter\CodeIgniter->handleRequest(null, Object(Config\Cache), false)
12 SYSTEMPATH/Boot.php(325): CodeIgniter\CodeIgniter->run()
13 SYSTEMPATH/Boot.php(67): CodeIgniter\Boot::runCodeIgniter(Object(CodeIgniter\CodeIgniter))
14 FCPATH/index.php(56): CodeIgniter\Boot::bootWeb(Object(Config\Paths))
CRITICAL - 2024-10-01 12:13:28 --> [Caused by] mysqli_sql_exception: Column 'nama' cannot be null
in SYSTEMPATH/Database/MySQLi/Connection.php on line 312.
 1 SYSTEMPATH/Database/MySQLi/Connection.php(312): mysqli->query('INSERT INTO `tb_user` (`nama`, `email`, `username`, `password`, `sts_aktif`) VALUES (NULL, NULL, \'\', \'$2y$10$KHWRrfQXKQphXjahicgjuuRekTfaHiQU33alTuLnpOqAaoE/akJye\', \'Y\')', 0)
 2 SYSTEMPATH/Database/BaseConnection.php(734): CodeIgniter\Database\MySQLi\Connection->execute('INSERT INTO `tb_user` (`nama`, `email`, `username`, `password`, `sts_aktif`) VALUES (NULL, NULL, \'\', \'$2y$10$KHWRrfQXKQphXjahicgjuuRekTfaHiQU33alTuLnpOqAaoE/akJye\', \'Y\')')
 3 SYSTEMPATH/Database/BaseConnection.php(648): CodeIgniter\Database\BaseConnection->simpleQuery('INSERT INTO `tb_user` (`nama`, `email`, `username`, `password`, `sts_aktif`) VALUES (NULL, NULL, \'\', \'$2y$10$KHWRrfQXKQphXjahicgjuuRekTfaHiQU33alTuLnpOqAaoE/akJye\', \'Y\')')
 4 SYSTEMPATH/Database/BaseBuilder.php(2340): CodeIgniter\Database\BaseConnection->query('INSERT INTO `tb_user` (`nama`, `email`, `username`, `password`, `sts_aktif`) VALUES (:nama:, :email:, :username:, :password:, :sts_aktif:)', [...], false)
 5 SYSTEMPATH/Model.php(394): CodeIgniter\Database\BaseBuilder->insert()
 6 SYSTEMPATH/BaseModel.php(840): CodeIgniter\Model->doInsert([...])
 7 SYSTEMPATH/Model.php(802): CodeIgniter\BaseModel->insert([...], false)
 8 SYSTEMPATH/BaseModel.php(751): CodeIgniter\Model->insert([...], false)
 9 APPPATH/Controllers/Auth/AuthController.php(232): CodeIgniter\BaseModel->save([...])
10 SYSTEMPATH/CodeIgniter.php(933): App\Controllers\Auth\AuthController->prosesDaftar()
11 SYSTEMPATH/CodeIgniter.php(509): CodeIgniter\CodeIgniter->runController(Object(App\Controllers\Auth\AuthController))
12 SYSTEMPATH/CodeIgniter.php(355): CodeIgniter\CodeIgniter->handleRequest(null, Object(Config\Cache), false)
13 SYSTEMPATH/Boot.php(325): CodeIgniter\CodeIgniter->run()
14 SYSTEMPATH/Boot.php(67): CodeIgniter\Boot::runCodeIgniter(Object(CodeIgniter\CodeIgniter))
15 FCPATH/index.php(56): CodeIgniter\Boot::bootWeb(Object(Config\Paths))
